<?xml version="1.0" encoding="UTF-8"?>
<testng-results skipped="0" failed="78" ignored="2" total="251" passed="171">
  <reporter-output>
  </reporter-output>
  <suite name="Suite" duration-ms="613489" started-at="2018-10-01T06:58:58Z" finished-at="2018-10-01T07:09:11Z">
    <groups>
      <group name="AddPackage">
        <method signature="AddingMultiplePackages.AddMultiplePackages_HavingTheSamePackageId_inthesamerequest()[pri:0, instance:AddPackage.AddingMultiplePackages@675d3402]" name="AddMultiplePackages_HavingTheSamePackageId_inthesamerequest" class="AddPackage.AddingMultiplePackages"/>
        <method signature="AddingMultiplePackages.AddMultiplePackages_HavingTheSamePartNumber()[pri:0, instance:AddPackage.AddingMultiplePackages@675d3402]" name="AddMultiplePackages_HavingTheSamePartNumber" class="AddPackage.AddingMultiplePackages"/>
        <method signature="AddingMultiplePackages.AddMultiplePackagesinthesamerequest()[pri:0, instance:AddPackage.AddingMultiplePackages@675d3402]" name="AddMultiplePackagesinthesamerequest" class="AddPackage.AddingMultiplePackages"/>
        <method signature="AddingPackagewithDifferentStatus.AddPackagewithStatusDeprecated()[pri:0, instance:AddPackage.AddingPackagewithDifferentStatus@51565ec2]" name="AddPackagewithStatusDeprecated" class="AddPackage.AddingPackagewithDifferentStatus"/>
        <method signature="AddingPackagewithDifferentStatus.AddPackagewithStatusIn_use()[pri:0, instance:AddPackage.AddingPackagewithDifferentStatus@51565ec2]" name="AddPackagewithStatusIn_use" class="AddPackage.AddingPackagewithDifferentStatus"/>
        <method signature="AddingPackagewithDifferentStatus.AddPackagewithStatusOutOfUse()[pri:0, instance:AddPackage.AddingPackagewithDifferentStatus@51565ec2]" name="AddPackagewithStatusOutOfUse" class="AddPackage.AddingPackagewithDifferentStatus"/>
        <method signature="ChecksumTypeValidations.ChecksumTypehasspecialcharacters()[pri:0, instance:AddPackage.ChecksumTypeValidations@482f8f11]" name="ChecksumTypehasspecialcharacters" class="AddPackage.ChecksumTypeValidations"/>
        <method signature="ChecksumTypeValidations.ChecksumTypeis256characters()[pri:0, instance:AddPackage.ChecksumTypeValidations@482f8f11]" name="ChecksumTypeis256characters" class="AddPackage.ChecksumTypeValidations"/>
        <method signature="ChecksumTypeValidations.ChecksumTypeisNull()[pri:0, instance:AddPackage.ChecksumTypeValidations@482f8f11]" name="ChecksumTypeisNull" class="AddPackage.ChecksumTypeValidations"/>
        <method signature="ChecksumTypeValidations.ChecksumTypeisgreaterthan256characters()[pri:0, instance:AddPackage.ChecksumTypeValidations@482f8f11]" name="ChecksumTypeisgreaterthan256characters" class="AddPackage.ChecksumTypeValidations"/>
        <method signature="ChecksumTypeValidations.ChecksumValueis255characters()[pri:0, instance:AddPackage.ChecksumTypeValidations@482f8f11]" name="ChecksumValueis255characters" class="AddPackage.ChecksumTypeValidations"/>
        <method signature="ChecksumValueValidations.ChecksumValuehasspecialcharacters()[pri:0, instance:AddPackage.ChecksumValueValidations@1593948d]" name="ChecksumValuehasspecialcharacters" class="AddPackage.ChecksumValueValidations"/>
        <method signature="ChecksumValueValidations.ChecksumValueis2047characters()[pri:0, instance:AddPackage.ChecksumValueValidations@1593948d]" name="ChecksumValueis2047characters" class="AddPackage.ChecksumValueValidations"/>
        <method signature="ChecksumValueValidations.ChecksumValueis2048characters()[pri:0, instance:AddPackage.ChecksumValueValidations@1593948d]" name="ChecksumValueis2048characters" class="AddPackage.ChecksumValueValidations"/>
        <method signature="ChecksumValueValidations.ChecksumValueisNull()[pri:0, instance:AddPackage.ChecksumValueValidations@1593948d]" name="ChecksumValueisNull" class="AddPackage.ChecksumValueValidations"/>
        <method signature="ChecksumValueValidations.ChecksumValueisgreaterthan2048characters()[pri:0, instance:AddPackage.ChecksumValueValidations@1593948d]" name="ChecksumValueisgreaterthan2048characters" class="AddPackage.ChecksumValueValidations"/>
        <method signature="FeatureIdValidations.AddPackage_FeatureIdhasspecialCharacters()[pri:0, instance:AddPackage.FeatureIdValidations@7823a2f9]" name="AddPackage_FeatureIdhasspecialCharacters" class="AddPackage.FeatureIdValidations"/>
        <method signature="FeatureIdValidations.AddPackage_FeatureIdis255characters()[pri:0, instance:AddPackage.FeatureIdValidations@7823a2f9]" name="AddPackage_FeatureIdis255characters" class="AddPackage.FeatureIdValidations"/>
        <method signature="FeatureIdValidations.AddPackage_When_FeatureId_greaterthan256characters()[pri:0, instance:AddPackage.FeatureIdValidations@7823a2f9]" name="AddPackage_When_FeatureId_greaterthan256characters" class="AddPackage.FeatureIdValidations"/>
        <method signature="FeatureIdValidations.AddPackage_whenFeatureIdis256characters()[pri:0, instance:AddPackage.FeatureIdValidations@7823a2f9]" name="AddPackage_whenFeatureIdis256characters" class="AddPackage.FeatureIdValidations"/>
        <method signature="FeatureIdValidations.AddPackage_whenFeatureIdisNull()[pri:0, instance:AddPackage.FeatureIdValidations@7823a2f9]" name="AddPackage_whenFeatureIdisNull" class="AddPackage.FeatureIdValidations"/>
        <method signature="FeatureIdValidations.FeatureId_Not_In_Database()[pri:0, instance:AddPackage.FeatureIdValidations@7823a2f9]" name="FeatureId_Not_In_Database" class="AddPackage.FeatureIdValidations"/>
        <method signature="HeaderValidations.AddPackage_TenanthasspecialCharacters()[pri:0, instance:AddPackage.HeaderValidations@68be2bc2]" name="AddPackage_TenanthasspecialCharacters" class="AddPackage.HeaderValidations"/>
        <method signature="HeaderValidations.AddPackage_Tenantis255characters()[pri:0, instance:AddPackage.HeaderValidations@68be2bc2]" name="AddPackage_Tenantis255characters" class="AddPackage.HeaderValidations"/>
        <method signature="HeaderValidations.AddPackage_When_Tenant_greaterthan256characters()[pri:0, instance:AddPackage.HeaderValidations@68be2bc2]" name="AddPackage_When_Tenant_greaterthan256characters" class="AddPackage.HeaderValidations"/>
        <method signature="HeaderValidations.AddPackage_When_XRequest_greaterthan256characters()[pri:0, instance:AddPackage.HeaderValidations@68be2bc2]" name="AddPackage_When_XRequest_greaterthan256characters" class="AddPackage.HeaderValidations"/>
        <method signature="HeaderValidations.AddPackage_XRequesthasspecialCharacters()[pri:0, instance:AddPackage.HeaderValidations@68be2bc2]" name="AddPackage_XRequesthasspecialCharacters" class="AddPackage.HeaderValidations"/>
        <method signature="HeaderValidations.AddPackage_XRequestis255characters()[pri:0, instance:AddPackage.HeaderValidations@68be2bc2]" name="AddPackage_XRequestis255characters" class="AddPackage.HeaderValidations"/>
        <method signature="HeaderValidations.AddPackage_whenTenantis256characters()[pri:0, instance:AddPackage.HeaderValidations@68be2bc2]" name="AddPackage_whenTenantis256characters" class="AddPackage.HeaderValidations"/>
        <method signature="HeaderValidations.AddPackage_whenTenantisNull()[pri:0, instance:AddPackage.HeaderValidations@68be2bc2]" name="AddPackage_whenTenantisNull" class="AddPackage.HeaderValidations"/>
        <method signature="HeaderValidations.AddPackage_whenXRequestis256characters()[pri:0, instance:AddPackage.HeaderValidations@68be2bc2]" name="AddPackage_whenXRequestis256characters" class="AddPackage.HeaderValidations"/>
        <method signature="HeaderValidations.AddPackage_whenX_Request_isNull()[pri:0, instance:AddPackage.HeaderValidations@68be2bc2]" name="AddPackage_whenX_Request_isNull" class="AddPackage.HeaderValidations"/>
        <method signature="MetadataValidations.AddPackage_Metadataininvalidformat()[pri:0, instance:AddPackage.MetadataValidations@2a2d45ba]" name="AddPackage_Metadataininvalidformat" class="AddPackage.MetadataValidations"/>
        <method signature="MetadataValidations.AddPackage_MetadataisNull()[pri:0, instance:AddPackage.MetadataValidations@2a2d45ba]" name="AddPackage_MetadataisNull" class="AddPackage.MetadataValidations"/>
        <method signature="PackageIdValidations.AddPackage_PackageId_hasspecialcharacters()[pri:0, instance:AddPackage.PackageIdValidations@7c16905e]" name="AddPackage_PackageId_hasspecialcharacters" class="AddPackage.PackageIdValidations"/>
        <method signature="PackageIdValidations.AddPackage_PackageIdof255characters()[pri:0, instance:AddPackage.PackageIdValidations@7c16905e]" name="AddPackage_PackageIdof255characters" class="AddPackage.PackageIdValidations"/>
        <method signature="PackageIdValidations.AddPackage_PackageIdof256characters()[pri:0, instance:AddPackage.PackageIdValidations@7c16905e]" name="AddPackage_PackageIdof256characters" class="AddPackage.PackageIdValidations"/>
        <method signature="PackageIdValidations.AddPackagewithPackageIdasNull()[pri:0, instance:AddPackage.PackageIdValidations@7c16905e]" name="AddPackagewithPackageIdasNull" class="AddPackage.PackageIdValidations"/>
        <method signature="PackageIdValidations.AddPackagewith_PackageIdlengthgreaterthan_256characters()[pri:0, instance:AddPackage.PackageIdValidations@7c16905e]" name="AddPackagewith_PackageIdlengthgreaterthan_256characters" class="AddPackage.PackageIdValidations"/>
        <method signature="PartNumberValidations.AddPackagewithPartNumberasNull()[pri:0, instance:AddPackage.PartNumberValidations@28feb3fa]" name="AddPackagewithPartNumberasNull" class="AddPackage.PartNumberValidations"/>
        <method signature="PartNumberValidations.AddPackagewithPartNumberis1BillionBillionCharacters()[pri:0, instance:AddPackage.PartNumberValidations@28feb3fa]" name="AddPackagewithPartNumberis1BillionBillionCharacters" class="AddPackage.PartNumberValidations"/>
        <method signature="PartNumberValidations.AddPackagewithPartNumberisSpecialCharacters()[pri:0, instance:AddPackage.PartNumberValidations@28feb3fa]" name="AddPackagewithPartNumberisSpecialCharacters" class="AddPackage.PartNumberValidations"/>
        <method signature="PartNumberValidations.AddPackagewithPartNumbernotanInteger()[pri:0, instance:AddPackage.PartNumberValidations@28feb3fa]" name="AddPackagewithPartNumbernotanInteger" class="AddPackage.PartNumberValidations"/>
        <method signature="PartNumberValidations.AddPackagewithTwoDifferentPartNumbers()[pri:0, instance:AddPackage.PartNumberValidations@28feb3fa]" name="AddPackagewithTwoDifferentPartNumbers" class="AddPackage.PartNumberValidations"/>
        <method signature="PartNumberValidations.AddPackagewithTwoSamePartNumbers()[pri:0, instance:AddPackage.PartNumberValidations@28feb3fa]" name="AddPackagewithTwoSamePartNumbers" class="AddPackage.PartNumberValidations"/>
        <method signature="SizeValidations.AddPackage_Sizeis2Billion()[pri:0, instance:AddPackage.SizeValidations@2a5ca609]" name="AddPackage_Sizeis2Billion" class="AddPackage.SizeValidations"/>
        <method signature="SizeValidations.AddPackage_SizeisNull()[pri:0, instance:AddPackage.SizeValidations@2a5ca609]" name="AddPackage_SizeisNull" class="AddPackage.SizeValidations"/>
        <method signature="SizeValidations.AddPackage_Sizeisgreaterthan2Billion()[pri:0, instance:AddPackage.SizeValidations@2a5ca609]" name="AddPackage_Sizeisgreaterthan2Billion" class="AddPackage.SizeValidations"/>
        <method signature="SizeValidations.AddPackage_SizeishavingSpecialCharacters()[pri:0, instance:AddPackage.SizeValidations@2a5ca609]" name="AddPackage_SizeishavingSpecialCharacters" class="AddPackage.SizeValidations"/>
        <method signature="StatusValidations.AddPackage_Status_givein_wrongformatforDeprecated()[pri:0, instance:AddPackage.StatusValidations@20e2cbe0]" name="AddPackage_Status_givein_wrongformatforDeprecated" class="AddPackage.StatusValidations"/>
        <method signature="StatusValidations.AddPackage_Status_givein_wrongformatforInuse()[pri:0, instance:AddPackage.StatusValidations@20e2cbe0]" name="AddPackage_Status_givein_wrongformatforInuse" class="AddPackage.StatusValidations"/>
        <method signature="StatusValidations.AddPackage_Status_givein_wrongformatforOutofUse()[pri:0, instance:AddPackage.StatusValidations@20e2cbe0]" name="AddPackage_Status_givein_wrongformatforOutofUse" class="AddPackage.StatusValidations"/>
        <method signature="StatusValidations.AddPackage_Status_isequalto255characters()[pri:0, instance:AddPackage.StatusValidations@20e2cbe0]" name="AddPackage_Status_isequalto255characters" class="AddPackage.StatusValidations"/>
        <method signature="StatusValidations.AddPackage_Statusgreaterthan256characters()[pri:0, instance:AddPackage.StatusValidations@20e2cbe0]" name="AddPackage_Statusgreaterthan256characters" class="AddPackage.StatusValidations"/>
        <method signature="StatusValidations.AddPackage_Statusisnotamongpredefined()[pri:0, instance:AddPackage.StatusValidations@20e2cbe0]" name="AddPackage_Statusisnotamongpredefined" class="AddPackage.StatusValidations"/>
        <method signature="StatusValidations.AddPackage_whenStatusis256characters()[pri:0, instance:AddPackage.StatusValidations@20e2cbe0]" name="AddPackage_whenStatusis256characters" class="AddPackage.StatusValidations"/>
        <method signature="StatusValidations.AddPackage_whenStatusisNull()[pri:0, instance:AddPackage.StatusValidations@20e2cbe0]" name="AddPackage_whenStatusisNull" class="AddPackage.StatusValidations"/>
        <method signature="URLvalidations.AddPackage_URL2047characters()[pri:0, instance:AddPackage.URLvalidations@1b604f19]" name="AddPackage_URL2047characters" class="AddPackage.URLvalidations"/>
        <method signature="URLvalidations.AddPackage_URL2048characters()[pri:0, instance:AddPackage.URLvalidations@1b604f19]" name="AddPackage_URL2048characters" class="AddPackage.URLvalidations"/>
        <method signature="URLvalidations.AddPackage_URLgiveninInvalidformat1()[pri:0, instance:AddPackage.URLvalidations@1b604f19]" name="AddPackage_URLgiveninInvalidformat1" class="AddPackage.URLvalidations"/>
        <method signature="URLvalidations.AddPackage_URLgiveninInvalidformat2()[pri:0, instance:AddPackage.URLvalidations@1b604f19]" name="AddPackage_URLgiveninInvalidformat2" class="AddPackage.URLvalidations"/>
        <method signature="URLvalidations.AddPackage_URLgreaterthan2048characters()[pri:0, instance:AddPackage.URLvalidations@1b604f19]" name="AddPackage_URLgreaterthan2048characters" class="AddPackage.URLvalidations"/>
      </group> <!-- AddPackage -->
      <group name="AddFeature">
        <method signature="AddFeatureValidations.AddFeature_InvalidRequestFormat()[pri:0, instance:AddFeature.AddFeatureValidations@39aeed2f]" name="AddFeature_InvalidRequestFormat" class="AddFeature.AddFeatureValidations"/>
        <method signature="AddFeatureValidations.AddFeaturewithValidData()[pri:0, instance:AddFeature.AddFeatureValidations@39aeed2f]" name="AddFeaturewithValidData" class="AddFeature.AddFeatureValidations"/>
        <method signature="AddFeature_DescriptionValidations.AddFeaturewithDescriptiongreaterthan1024characters()[pri:0, instance:AddFeature.AddFeature_DescriptionValidations@4678c730]" name="AddFeaturewithDescriptiongreaterthan1024characters" class="AddFeature.AddFeature_DescriptionValidations"/>
        <method signature="AddFeature_DescriptionValidations.AddFeaturewithDescriptionhasspecialcharacters()[pri:0, instance:AddFeature.AddFeature_DescriptionValidations@4678c730]" name="AddFeaturewithDescriptionhasspecialcharacters" class="AddFeature.AddFeature_DescriptionValidations"/>
        <method signature="AddFeature_DescriptionValidations.AddFeaturewithDescriptionisEmpty()[pri:0, instance:AddFeature.AddFeature_DescriptionValidations@4678c730]" name="AddFeaturewithDescriptionisEmpty" class="AddFeature.AddFeature_DescriptionValidations"/>
        <method signature="AddFeature_DescriptionValidations.AddFeaturewithDescriptionisNull()[pri:0, instance:AddFeature.AddFeature_DescriptionValidations@4678c730]" name="AddFeaturewithDescriptionisNull" class="AddFeature.AddFeature_DescriptionValidations"/>
        <method signature="AddFeature_DescriptionValidations.AddFeaturewithDescriptionof1023characters()[pri:0, instance:AddFeature.AddFeature_DescriptionValidations@4678c730]" name="AddFeaturewithDescriptionof1023characters" class="AddFeature.AddFeature_DescriptionValidations"/>
        <method signature="AddFeature_DescriptionValidations.AddFeaturewithDescriptionof1024characters()[pri:0, instance:AddFeature.AddFeature_DescriptionValidations@4678c730]" name="AddFeaturewithDescriptionof1024characters" class="AddFeature.AddFeature_DescriptionValidations"/>
        <method signature="AddFeature_FeatureIdValidations.AddFeature_FeatureIdAlreadyPresent()[pri:0, instance:AddFeature.AddFeature_FeatureIdValidations@5c7fa833]" name="AddFeature_FeatureIdAlreadyPresent" class="AddFeature.AddFeature_FeatureIdValidations"/>
        <method signature="AddFeature_FeatureIdValidations.AddFeaturewhenFeatureIdisEmpty()[pri:0, instance:AddFeature.AddFeature_FeatureIdValidations@5c7fa833]" name="AddFeaturewhenFeatureIdisEmpty" class="AddFeature.AddFeature_FeatureIdValidations"/>
        <method signature="AddFeature_FeatureIdValidations.AddFeaturewhenFeatureIdisMissing()[pri:0, instance:AddFeature.AddFeature_FeatureIdValidations@5c7fa833]" name="AddFeaturewhenFeatureIdisMissing" class="AddFeature.AddFeature_FeatureIdValidations"/>
        <method signature="AddFeature_FeatureIdValidations.AddFeaturewhenFeatureIdisNull()[pri:0, instance:AddFeature.AddFeature_FeatureIdValidations@5c7fa833]" name="AddFeaturewhenFeatureIdisNull" class="AddFeature.AddFeature_FeatureIdValidations"/>
        <method signature="AddFeature_FeatureIdValidations.AddFeaturewithFeatureIdgreaterthan256characters()[pri:0, instance:AddFeature.AddFeature_FeatureIdValidations@5c7fa833]" name="AddFeaturewithFeatureIdgreaterthan256characters" class="AddFeature.AddFeature_FeatureIdValidations"/>
        <method signature="AddFeature_FeatureIdValidations.AddFeaturewithFeatureIdhasspecialcharacters()[pri:0, instance:AddFeature.AddFeature_FeatureIdValidations@5c7fa833]" name="AddFeaturewithFeatureIdhasspecialcharacters" class="AddFeature.AddFeature_FeatureIdValidations"/>
        <method signature="AddFeature_FeatureIdValidations.AddFeaturewithFeatureIdof255characters()[pri:0, instance:AddFeature.AddFeature_FeatureIdValidations@5c7fa833]" name="AddFeaturewithFeatureIdof255characters" class="AddFeature.AddFeature_FeatureIdValidations"/>
        <method signature="AddFeature_FeatureIdValidations.AddFeaturewithFeatureIdof256characters()[pri:0, instance:AddFeature.AddFeature_FeatureIdValidations@5c7fa833]" name="AddFeaturewithFeatureIdof256characters" class="AddFeature.AddFeature_FeatureIdValidations"/>
        <method signature="AddFeature_MultipleRequests.AddFeature_AddDifferentFeatureIdWithSameDescription()[pri:0, instance:AddFeature.AddFeature_MultipleRequests@4cc0edeb]" name="AddFeature_AddDifferentFeatureIdWithSameDescription" class="AddFeature.AddFeature_MultipleRequests"/>
        <method signature="AddFeature_MultipleRequests.AddFeature_AddMultipleFeaureidsWithOneFeatureIdAlreadyPresent()[pri:0, instance:AddFeature.AddFeature_MultipleRequests@4cc0edeb]" name="AddFeature_AddMultipleFeaureidsWithOneFeatureIdAlreadyPresent" class="AddFeature.AddFeature_MultipleRequests"/>
        <method signature="AddFeature_MultipleRequests.AddFeature_AddMultipleFeaureids_UsingSingleRequest()[pri:0, instance:AddFeature.AddFeature_MultipleRequests@4cc0edeb]" name="AddFeature_AddMultipleFeaureids_UsingSingleRequest" class="AddFeature.AddFeature_MultipleRequests"/>
        <method signature="AddFeature_MultipleRequests.AddFeature_AddMultipleFeaureidsofSameFeatureId()[pri:0, instance:AddFeature.AddFeature_MultipleRequests@4cc0edeb]" name="AddFeature_AddMultipleFeaureidsofSameFeatureId" class="AddFeature.AddFeature_MultipleRequests"/>
        <method signature="AddFeature_TenantIdValidations.AddFeature_TenantIdisMissing()[pri:0, instance:AddFeature.AddFeature_TenantIdValidations@457e2f02]" name="AddFeature_TenantIdisMissing" class="AddFeature.AddFeature_TenantIdValidations"/>
        <method signature="AddFeature_TenantIdValidations.AddFeaturewithTenantIdgreaterthan256characters()[pri:0, instance:AddFeature.AddFeature_TenantIdValidations@457e2f02]" name="AddFeaturewithTenantIdgreaterthan256characters" class="AddFeature.AddFeature_TenantIdValidations"/>
        <method signature="AddFeature_TenantIdValidations.AddFeaturewithTenantIdhasspecialcharacters()[pri:0, instance:AddFeature.AddFeature_TenantIdValidations@457e2f02]" name="AddFeaturewithTenantIdhasspecialcharacters" class="AddFeature.AddFeature_TenantIdValidations"/>
        <method signature="AddFeature_TenantIdValidations.AddFeaturewithTenantIdnotindatabase()[pri:0, instance:AddFeature.AddFeature_TenantIdValidations@457e2f02]" name="AddFeaturewithTenantIdnotindatabase" class="AddFeature.AddFeature_TenantIdValidations"/>
        <method signature="AddFeature_TenantIdValidations.AddFeaturewithTenantIdof255characters()[pri:0, instance:AddFeature.AddFeature_TenantIdValidations@457e2f02]" name="AddFeaturewithTenantIdof255characters" class="AddFeature.AddFeature_TenantIdValidations"/>
        <method signature="AddFeature_TenantIdValidations.AddFeaturewithTenantIdof256characters()[pri:0, instance:AddFeature.AddFeature_TenantIdValidations@457e2f02]" name="AddFeaturewithTenantIdof256characters" class="AddFeature.AddFeature_TenantIdValidations"/>
        <method signature="AddFeature_XRequestIdvalidations.AddFeature_XRequestIdisEmpty()[pri:0, instance:AddFeature.AddFeature_XRequestIdvalidations@724af044]" name="AddFeature_XRequestIdisEmpty" class="AddFeature.AddFeature_XRequestIdvalidations"/>
        <method signature="AddFeature_XRequestIdvalidations.AddFeature_XRequestIdisMissing()[pri:0, instance:AddFeature.AddFeature_XRequestIdvalidations@724af044]" name="AddFeature_XRequestIdisMissing" class="AddFeature.AddFeature_XRequestIdvalidations"/>
        <method signature="AddFeature_XRequestIdvalidations.AddFeaturewithXRequestIDgreaterthan256characters()[pri:0, instance:AddFeature.AddFeature_XRequestIdvalidations@724af044]" name="AddFeaturewithXRequestIDgreaterthan256characters" class="AddFeature.AddFeature_XRequestIdvalidations"/>
        <method signature="AddFeature_XRequestIdvalidations.AddFeaturewithXRequestIDhasspecialcharacters()[pri:0, instance:AddFeature.AddFeature_XRequestIdvalidations@724af044]" name="AddFeaturewithXRequestIDhasspecialcharacters" class="AddFeature.AddFeature_XRequestIdvalidations"/>
        <method signature="AddFeature_XRequestIdvalidations.AddFeaturewithXRequestIDof255characters()[pri:0, instance:AddFeature.AddFeature_XRequestIdvalidations@724af044]" name="AddFeaturewithXRequestIDof255characters" class="AddFeature.AddFeature_XRequestIdvalidations"/>
        <method signature="AddFeature_XRequestIdvalidations.AddFeaturewithXRequestIDof256characters()[pri:0, instance:AddFeature.AddFeature_XRequestIdvalidations@724af044]" name="AddFeaturewithXRequestIDof256characters" class="AddFeature.AddFeature_XRequestIdvalidations"/>
      </group> <!-- AddFeature -->
      <group name="DeletePackage">
        <method signature="DeletePackage_FeatureIdValidations.DeletePackage_FeatureIdIsNull()[pri:0, instance:DeletePackage.DeletePackage_FeatureIdValidations@51081592]" name="DeletePackage_FeatureIdIsNull" class="DeletePackage.DeletePackage_FeatureIdValidations"/>
        <method signature="DeletePackage_FeatureIdValidations.DeletePackage_FeatureIdNotInDatabase()[pri:0, instance:DeletePackage.DeletePackage_FeatureIdValidations@51081592]" name="DeletePackage_FeatureIdNotInDatabase" class="DeletePackage.DeletePackage_FeatureIdValidations"/>
        <method signature="DeletePackage_FeatureIdValidations.DeletePackage_FeatureIdis256Characters()[pri:0, instance:DeletePackage.DeletePackage_FeatureIdValidations@51081592]" name="DeletePackage_FeatureIdis256Characters" class="DeletePackage.DeletePackage_FeatureIdValidations"/>
        <method signature="DeletePackage_FeatureIdValidations.DeletePackage_FeatureIdisMissing()[pri:0, instance:DeletePackage.DeletePackage_FeatureIdValidations@51081592]" name="DeletePackage_FeatureIdisMissing" class="DeletePackage.DeletePackage_FeatureIdValidations"/>
        <method signature="DeletePackage_FeatureIdValidations.DeletePackage_FeatureIdisgreaterthan256Characters()[pri:0, instance:DeletePackage.DeletePackage_FeatureIdValidations@51081592]" name="DeletePackage_FeatureIdisgreaterthan256Characters" class="DeletePackage.DeletePackage_FeatureIdValidations"/>
        <method signature="DeletePackage_FeatureIdValidations.DeletePackage_Featureis255Characters()[pri:0, instance:DeletePackage.DeletePackage_FeatureIdValidations@51081592]" name="DeletePackage_Featureis255Characters" class="DeletePackage.DeletePackage_FeatureIdValidations"/>
        <method signature="DeletePackage_PackageIdValidations.DeletePackage_PackageIdNotInDatabase()[pri:0, instance:DeletePackage.DeletePackage_PackageIdValidations@62ee68d8]" name="DeletePackage_PackageIdNotInDatabase" class="DeletePackage.DeletePackage_PackageIdValidations"/>
        <method signature="DeletePackage_PackageIdValidations.DeletePackage_PackageIdis255Characters()[pri:0, instance:DeletePackage.DeletePackage_PackageIdValidations@62ee68d8]" name="DeletePackage_PackageIdis255Characters" class="DeletePackage.DeletePackage_PackageIdValidations"/>
        <method signature="DeletePackage_PackageIdValidations.DeletePackage_PackageIdis256Characters()[pri:0, instance:DeletePackage.DeletePackage_PackageIdValidations@62ee68d8]" name="DeletePackage_PackageIdis256Characters" class="DeletePackage.DeletePackage_PackageIdValidations"/>
        <method signature="DeletePackage_PackageIdValidations.DeletePackage_PackageIdisMissing()[pri:0, instance:DeletePackage.DeletePackage_PackageIdValidations@62ee68d8]" name="DeletePackage_PackageIdisMissing" class="DeletePackage.DeletePackage_PackageIdValidations"/>
        <method signature="DeletePackage_PackageIdValidations.DeletePackage_PackageIdisNull()[pri:0, instance:DeletePackage.DeletePackage_PackageIdValidations@62ee68d8]" name="DeletePackage_PackageIdisNull" class="DeletePackage.DeletePackage_PackageIdValidations"/>
        <method signature="DeletePackage_PackageIdValidations.DeletePackage_PackageIdisgreaterthan256Characters()[pri:0, instance:DeletePackage.DeletePackage_PackageIdValidations@62ee68d8]" name="DeletePackage_PackageIdisgreaterthan256Characters" class="DeletePackage.DeletePackage_PackageIdValidations"/>
        <method signature="DeletePackage_PackageIdValidations.DeletePackage_ValidData()[pri:0, instance:DeletePackage.DeletePackage_PackageIdValidations@62ee68d8]" name="DeletePackage_ValidData" class="DeletePackage.DeletePackage_PackageIdValidations"/>
        <method signature="DeletePackage_TenantValidations.DeletePackage_TenantIsNull()[pri:0, instance:DeletePackage.DeletePackage_TenantValidations@9629756]" name="DeletePackage_TenantIsNull" class="DeletePackage.DeletePackage_TenantValidations"/>
        <method signature="DeletePackage_TenantValidations.DeletePackage_TenantNotInDatabase()[pri:0, instance:DeletePackage.DeletePackage_TenantValidations@9629756]" name="DeletePackage_TenantNotInDatabase" class="DeletePackage.DeletePackage_TenantValidations"/>
        <method signature="DeletePackage_TenantValidations.DeletePackage_TenantNotMapped()[pri:0, instance:DeletePackage.DeletePackage_TenantValidations@9629756]" name="DeletePackage_TenantNotMapped" class="DeletePackage.DeletePackage_TenantValidations"/>
        <method signature="DeletePackage_TenantValidations.DeletePackage_Tenantis255Characters()[pri:0, instance:DeletePackage.DeletePackage_TenantValidations@9629756]" name="DeletePackage_Tenantis255Characters" class="DeletePackage.DeletePackage_TenantValidations"/>
        <method signature="DeletePackage_TenantValidations.DeletePackage_Tenantis256Characters()[pri:0, instance:DeletePackage.DeletePackage_TenantValidations@9629756]" name="DeletePackage_Tenantis256Characters" class="DeletePackage.DeletePackage_TenantValidations"/>
        <method signature="DeletePackage_TenantValidations.DeletePackage_TenantisMissing()[pri:0, instance:DeletePackage.DeletePackage_TenantValidations@9629756]" name="DeletePackage_TenantisMissing" class="DeletePackage.DeletePackage_TenantValidations"/>
        <method signature="DeletePackage_XRequestValidations.DeletePackage_XRequestIsNull()[pri:0, instance:DeletePackage.DeletePackage_XRequestValidations@7f9a81e8]" name="DeletePackage_XRequestIsNull" class="DeletePackage.DeletePackage_XRequestValidations"/>
        <method signature="DeletePackage_XRequestValidations.DeletePackage_XRequestis255Characters()[pri:0, instance:DeletePackage.DeletePackage_XRequestValidations@7f9a81e8]" name="DeletePackage_XRequestis255Characters" class="DeletePackage.DeletePackage_XRequestValidations"/>
        <method signature="DeletePackage_XRequestValidations.DeletePackage_XRequestis256Characters()[pri:0, instance:DeletePackage.DeletePackage_XRequestValidations@7f9a81e8]" name="DeletePackage_XRequestis256Characters" class="DeletePackage.DeletePackage_XRequestValidations"/>
        <method signature="DeletePackage_XRequestValidations.DeletePackage_XRequestisMissing()[pri:0, instance:DeletePackage.DeletePackage_XRequestValidations@7f9a81e8]" name="DeletePackage_XRequestisMissing" class="DeletePackage.DeletePackage_XRequestValidations"/>
      </group> <!-- DeletePackage -->
      <group name="UpdatePackage">
        <method signature="UpdatePackageInvalidScenarios.UpdateMultiplePackagesinaSameRequest_HavingsameIdandsamestatus()[pri:0, instance:UpdatePackage.UpdatePackageInvalidScenarios@29ee9faa]" name="UpdateMultiplePackagesinaSameRequest_HavingsameIdandsamestatus" class="UpdatePackage.UpdatePackageInvalidScenarios"/>
        <method signature="UpdatePackageInvalidScenarios.UpdateMultiplePackagesinaSameRequest_PackageIdnotindatabase()[pri:0, instance:UpdatePackage.UpdatePackageInvalidScenarios@29ee9faa]" name="UpdateMultiplePackagesinaSameRequest_PackageIdnotindatabase" class="UpdatePackage.UpdatePackageInvalidScenarios"/>
        <method signature="UpdatePackageInvalidScenarios.UpdateMultiplePackagesinaSameRequest_PackageIdnotmappedtoTenant()[pri:0, instance:UpdatePackage.UpdatePackageInvalidScenarios@29ee9faa]" name="UpdateMultiplePackagesinaSameRequest_PackageIdnotmappedtoTenant" class="UpdatePackage.UpdatePackageInvalidScenarios"/>
        <method signature="UpdatePackageInvalidScenarios.Updatepackage_PackageIdDoesNotBelongtoTenant()[pri:0, instance:UpdatePackage.UpdatePackageInvalidScenarios@29ee9faa]" name="Updatepackage_PackageIdDoesNotBelongtoTenant" class="UpdatePackage.UpdatePackageInvalidScenarios"/>
        <method signature="UpdatePackageInvalidScenarios.Updatepackage_PackageIdNotinDatabase()[pri:0, instance:UpdatePackage.UpdatePackageInvalidScenarios@29ee9faa]" name="Updatepackage_PackageIdNotinDatabase" class="UpdatePackage.UpdatePackageInvalidScenarios"/>
        <method signature="UpdatePackageInvalidScenarios.Updatepackage_PackageId_Is255Characters()[pri:0, instance:UpdatePackage.UpdatePackageInvalidScenarios@29ee9faa]" name="Updatepackage_PackageId_Is255Characters" class="UpdatePackage.UpdatePackageInvalidScenarios"/>
        <method signature="UpdatePackageInvalidScenarios.Updatepackage_PackageId_Is256Characters()[pri:0, instance:UpdatePackage.UpdatePackageInvalidScenarios@29ee9faa]" name="Updatepackage_PackageId_Is256Characters" class="UpdatePackage.UpdatePackageInvalidScenarios"/>
        <method signature="UpdatePackageInvalidScenarios.Updatepackage_PackageId_IsMissing()[pri:0, instance:UpdatePackage.UpdatePackageInvalidScenarios@29ee9faa]" name="Updatepackage_PackageId_IsMissing" class="UpdatePackage.UpdatePackageInvalidScenarios"/>
        <method signature="UpdatePackageInvalidScenarios.Updatepackage_PackageId_greater_than_256_characters()[pri:0, instance:UpdatePackage.UpdatePackageInvalidScenarios@29ee9faa]" name="Updatepackage_PackageId_greater_than_256_characters" class="UpdatePackage.UpdatePackageInvalidScenarios"/>
        <method signature="UpdatePackageInvalidScenarios.Updatepackage_StatusIsInvalid()[pri:0, instance:UpdatePackage.UpdatePackageInvalidScenarios@29ee9faa]" name="Updatepackage_StatusIsInvalid" class="UpdatePackage.UpdatePackageInvalidScenarios"/>
        <method signature="UpdatePackageInvalidScenarios.Updatepackage_Status_IsMissing()[pri:0, instance:UpdatePackage.UpdatePackageInvalidScenarios@29ee9faa]" name="Updatepackage_Status_IsMissing" class="UpdatePackage.UpdatePackageInvalidScenarios"/>
        <method signature="UpdatePackageInvalidScenarios.Updatepackage_TenantId_IsMissing()[pri:0, instance:UpdatePackage.UpdatePackageInvalidScenarios@29ee9faa]" name="Updatepackage_TenantId_IsMissing" class="UpdatePackage.UpdatePackageInvalidScenarios"/>
        <method signature="UpdatePackageInvalidScenarios.Updatepackage_Tenant_Is255Characters()[pri:0, instance:UpdatePackage.UpdatePackageInvalidScenarios@29ee9faa]" name="Updatepackage_Tenant_Is255Characters" class="UpdatePackage.UpdatePackageInvalidScenarios"/>
        <method signature="UpdatePackageInvalidScenarios.Updatepackage_Tenant_Is256Characters()[pri:0, instance:UpdatePackage.UpdatePackageInvalidScenarios@29ee9faa]" name="Updatepackage_Tenant_Is256Characters" class="UpdatePackage.UpdatePackageInvalidScenarios"/>
        <method signature="UpdatePackageInvalidScenarios.Updatepackage_Tenant_greater_than_256_characters()[pri:0, instance:UpdatePackage.UpdatePackageInvalidScenarios@29ee9faa]" name="Updatepackage_Tenant_greater_than_256_characters" class="UpdatePackage.UpdatePackageInvalidScenarios"/>
        <method signature="UpdatePackageInvalidScenarios.Updatepackage_XRequestId_Is255Characters()[pri:0, instance:UpdatePackage.UpdatePackageInvalidScenarios@29ee9faa]" name="Updatepackage_XRequestId_Is255Characters" class="UpdatePackage.UpdatePackageInvalidScenarios"/>
        <method signature="UpdatePackageInvalidScenarios.Updatepackage_XRequestId_Is256Characters()[pri:0, instance:UpdatePackage.UpdatePackageInvalidScenarios@29ee9faa]" name="Updatepackage_XRequestId_Is256Characters" class="UpdatePackage.UpdatePackageInvalidScenarios"/>
        <method signature="UpdatePackageInvalidScenarios.Updatepackage_XRequestId_IsMissing()[pri:0, instance:UpdatePackage.UpdatePackageInvalidScenarios@29ee9faa]" name="Updatepackage_XRequestId_IsMissing" class="UpdatePackage.UpdatePackageInvalidScenarios"/>
        <method signature="UpdatePackageInvalidScenarios.Updatepackage_XRequestId_greater_than_256_characters()[pri:0, instance:UpdatePackage.UpdatePackageInvalidScenarios@29ee9faa]" name="Updatepackage_XRequestId_greater_than_256_characters" class="UpdatePackage.UpdatePackageInvalidScenarios"/>
        <method signature="UpdatePackage_ValidScenarios.Eight_updatepackage_Deprecated_to_OutofUse()[pri:0, instance:UpdatePackage.UpdatePackage_ValidScenarios@6767c1fc]" name="Eight_updatepackage_Deprecated_to_OutofUse" class="UpdatePackage.UpdatePackage_ValidScenarios"/>
        <method signature="UpdatePackage_ValidScenarios.Five_updatepackage_OutofUse_to_Deprecated()[pri:0, instance:UpdatePackage.UpdatePackage_ValidScenarios@6767c1fc]" name="Five_updatepackage_OutofUse_to_Deprecated" class="UpdatePackage.UpdatePackage_ValidScenarios"/>
        <method signature="UpdatePackage_ValidScenarios.Four_updatepackage_OutofUse_to_Inuse()[pri:0, instance:UpdatePackage.UpdatePackage_ValidScenarios@6767c1fc]" name="Four_updatepackage_OutofUse_to_Inuse" class="UpdatePackage.UpdatePackage_ValidScenarios"/>
        <method signature="UpdatePackage_ValidScenarios.Nine_updatepackage_Deprecated_to_Deprecated()[pri:0, instance:UpdatePackage.UpdatePackage_ValidScenarios@6767c1fc]" name="Nine_updatepackage_Deprecated_to_Deprecated" class="UpdatePackage.UpdatePackage_ValidScenarios"/>
        <method signature="UpdatePackage_ValidScenarios.One_updatepackage_Inuse_to_Deprecated()[pri:0, instance:UpdatePackage.UpdatePackage_ValidScenarios@6767c1fc]" name="One_updatepackage_Inuse_to_Deprecated" class="UpdatePackage.UpdatePackage_ValidScenarios"/>
        <method signature="UpdatePackage_ValidScenarios.Seven_updatepackage_Deprecated_to_Inuse()[pri:0, instance:UpdatePackage.UpdatePackage_ValidScenarios@6767c1fc]" name="Seven_updatepackage_Deprecated_to_Inuse" class="UpdatePackage.UpdatePackage_ValidScenarios"/>
        <method signature="UpdatePackage_ValidScenarios.Six_updatepackage_OutofUse_to_OutofUse()[pri:0, instance:UpdatePackage.UpdatePackage_ValidScenarios@6767c1fc]" name="Six_updatepackage_OutofUse_to_OutofUse" class="UpdatePackage.UpdatePackage_ValidScenarios"/>
        <method signature="UpdatePackage_ValidScenarios.Ten_UpdateMultiplePackagesinaSameRequest()[pri:0, instance:UpdatePackage.UpdatePackage_ValidScenarios@6767c1fc]" name="Ten_UpdateMultiplePackagesinaSameRequest" class="UpdatePackage.UpdatePackage_ValidScenarios"/>
        <method signature="UpdatePackage_ValidScenarios.Three_updatepackage_Inuse_to_Inuse()[pri:0, instance:UpdatePackage.UpdatePackage_ValidScenarios@6767c1fc]" name="Three_updatepackage_Inuse_to_Inuse" class="UpdatePackage.UpdatePackage_ValidScenarios"/>
        <method signature="UpdatePackage_ValidScenarios.Two_updatepackage_Inuse_to_OutofUse()[pri:0, instance:UpdatePackage.UpdatePackage_ValidScenarios@6767c1fc]" name="Two_updatepackage_Inuse_to_OutofUse" class="UpdatePackage.UpdatePackage_ValidScenarios"/>
      </group> <!-- UpdatePackage -->
      <group name="FetchLicense">
        <method signature="ContentItemIdValidations.FetchLicense_ContentItemIs255Characters()[pri:0, instance:FetchLicense.ContentItemIdValidations@c038203]" name="FetchLicense_ContentItemIs255Characters" class="FetchLicense.ContentItemIdValidations"/>
        <method signature="ContentItemIdValidations.FetchLicense_ContentItemIs256Characters()[pri:0, instance:FetchLicense.ContentItemIdValidations@c038203]" name="FetchLicense_ContentItemIs256Characters" class="FetchLicense.ContentItemIdValidations"/>
        <method signature="ContentItemIdValidations.FetchLicense_ContentItemIsGreaterThan256Characters()[pri:0, instance:FetchLicense.ContentItemIdValidations@c038203]" name="FetchLicense_ContentItemIsGreaterThan256Characters" class="FetchLicense.ContentItemIdValidations"/>
        <method signature="ContentItemIdValidations.FetchLicense_ContentItemIsNotinDatabase()[pri:0, instance:FetchLicense.ContentItemIdValidations@c038203]" name="FetchLicense_ContentItemIsNotinDatabase" class="FetchLicense.ContentItemIdValidations"/>
        <method signature="ContentItemIdValidations.FetchLicense_ContentItemIsNull()[pri:0, instance:FetchLicense.ContentItemIdValidations@c038203]" name="FetchLicense_ContentItemIsNull" class="FetchLicense.ContentItemIdValidations"/>
        <method signature="ContentItemIdValidations.FetchLicense_ContentItemIsNullAsString()[pri:0, instance:FetchLicense.ContentItemIdValidations@c038203]" name="FetchLicense_ContentItemIsNullAsString" class="FetchLicense.ContentItemIdValidations"/>
        <method signature="ContentItemIdValidations.FetchLicense_PassTwoContentItems()[pri:0, instance:FetchLicense.ContentItemIdValidations@c038203]" name="FetchLicense_PassTwoContentItems" class="FetchLicense.ContentItemIdValidations"/>
        <method signature="FetchLicenseMiscellaneousScenarios.FetchLicens_PackageHavingMultipleContentItems()[pri:0, instance:FetchLicense.FetchLicenseMiscellaneousScenarios@cc285f4]" name="FetchLicens_PackageHavingMultipleContentItems" class="FetchLicense.FetchLicenseMiscellaneousScenarios"/>
        <method signature="FetchLicenseMiscellaneousScenarios.FtechLicenseValidData()[pri:0, instance:FetchLicense.FetchLicenseMiscellaneousScenarios@cc285f4]" name="FtechLicenseValidData" class="FetchLicense.FetchLicenseMiscellaneousScenarios"/>
        <method signature="PackageIdValidations.FetchLicense_PackageIdIsNotinDatabase()[pri:0, instance:FetchLicense.PackageIdValidations@18be83e4]" name="FetchLicense_PackageIdIsNotinDatabase" class="FetchLicense.PackageIdValidations"/>
        <method signature="PackageIdValidations.FetchLicense_PackageId_is_in_Inuse()[pri:0, instance:FetchLicense.PackageIdValidations@18be83e4]" name="FetchLicense_PackageId_is_in_Inuse" class="FetchLicense.PackageIdValidations"/>
        <method signature="PackageIdValidations.FetchLicense_PackageIs255Characters()[pri:0, instance:FetchLicense.PackageIdValidations@18be83e4]" name="FetchLicense_PackageIs255Characters" class="FetchLicense.PackageIdValidations"/>
        <method signature="PackageIdValidations.FetchLicense_PackageIs256Characters()[pri:0, instance:FetchLicense.PackageIdValidations@18be83e4]" name="FetchLicense_PackageIs256Characters" class="FetchLicense.PackageIdValidations"/>
        <method signature="PackageIdValidations.FetchLicense_PackageIsDeprecated()[pri:0, instance:FetchLicense.PackageIdValidations@18be83e4]" name="FetchLicense_PackageIsDeprecated" class="FetchLicense.PackageIdValidations"/>
        <method signature="PackageIdValidations.FetchLicense_PackageIsGreaterThan256Characters()[pri:0, instance:FetchLicense.PackageIdValidations@18be83e4]" name="FetchLicense_PackageIsGreaterThan256Characters" class="FetchLicense.PackageIdValidations"/>
        <method signature="PackageIdValidations.FetchLicense_PackageIsNull()[pri:0, instance:FetchLicense.PackageIdValidations@18be83e4]" name="FetchLicense_PackageIsNull" class="FetchLicense.PackageIdValidations"/>
        <method signature="PackageIdValidations.FetchLicense_PackageIsNullAsString()[pri:0, instance:FetchLicense.PackageIdValidations@18be83e4]" name="FetchLicense_PackageIsNullAsString" class="FetchLicense.PackageIdValidations"/>
        <method signature="PackageIdValidations.FetchLicense_PackageIsinOutofUse()[pri:0, instance:FetchLicense.PackageIdValidations@18be83e4]" name="FetchLicense_PackageIsinOutofUse" class="FetchLicense.PackageIdValidations"/>
        <method signature="PackageIdValidations.FetchLicense_PassTwoPackageIds()[pri:0, instance:FetchLicense.PackageIdValidations@18be83e4]" name="FetchLicense_PassTwoPackageIds" class="FetchLicense.PackageIdValidations"/>
        <method signature="SubjectIdValidations.FetchLicense_SubjectIdgreaterthan50Characters()[pri:0, instance:FetchLicense.SubjectIdValidations@55f3ddb1]" name="FetchLicense_SubjectIdgreaterthan50Characters" class="FetchLicense.SubjectIdValidations"/>
        <method signature="SubjectIdValidations.FetchLicense_SubjectIdis49Characters()[pri:0, instance:FetchLicense.SubjectIdValidations@55f3ddb1]" name="FetchLicense_SubjectIdis49Characters" class="FetchLicense.SubjectIdValidations"/>
        <method signature="SubjectIdValidations.FetchLicense_SubjectIdis50Characters()[pri:0, instance:FetchLicense.SubjectIdValidations@55f3ddb1]" name="FetchLicense_SubjectIdis50Characters" class="FetchLicense.SubjectIdValidations"/>
        <method signature="SubjectIdValidations.FetchLicense_SubjectIdisNull()[pri:0, instance:FetchLicense.SubjectIdValidations@55f3ddb1]" name="FetchLicense_SubjectIdisNull" class="FetchLicense.SubjectIdValidations"/>
        <method signature="SubjectIdValidations.FetchLicense_SubjectIdisNullAsString()[pri:0, instance:FetchLicense.SubjectIdValidations@55f3ddb1]" name="FetchLicense_SubjectIdisNullAsString" class="FetchLicense.SubjectIdValidations"/>
        <method signature="TenantValidations.FetchLicense_TenantIdis255Characters()[pri:0, instance:FetchLicense.TenantValidations@cb5822]" name="FetchLicense_TenantIdis255Characters" class="FetchLicense.TenantValidations"/>
        <method signature="TenantValidations.FetchLicense_TenantIdis256Characters()[pri:0, instance:FetchLicense.TenantValidations@cb5822]" name="FetchLicense_TenantIdis256Characters" class="FetchLicense.TenantValidations"/>
        <method signature="TenantValidations.FetchLicense_TenantIdisNull()[pri:0, instance:FetchLicense.TenantValidations@cb5822]" name="FetchLicense_TenantIdisNull" class="FetchLicense.TenantValidations"/>
        <method signature="TenantValidations.FetchLicense_TenantIdisNullAsString()[pri:0, instance:FetchLicense.TenantValidations@cb5822]" name="FetchLicense_TenantIdisNullAsString" class="FetchLicense.TenantValidations"/>
        <method signature="TenantValidations.FetchLicense_TenantNotinDatabase()[pri:0, instance:FetchLicense.TenantValidations@cb5822]" name="FetchLicense_TenantNotinDatabase" class="FetchLicense.TenantValidations"/>
        <method signature="TenantValidations.FetchLicense_Tenantisgreaterthan256Characters()[pri:0, instance:FetchLicense.TenantValidations@cb5822]" name="FetchLicense_Tenantisgreaterthan256Characters" class="FetchLicense.TenantValidations"/>
        <method signature="XRequestValidations.FetchLicense_XRequestIdis255Characters()[pri:0, instance:FetchLicense.XRequestValidations@8bd1b6a]" name="FetchLicense_XRequestIdis255Characters" class="FetchLicense.XRequestValidations"/>
        <method signature="XRequestValidations.FetchLicense_XRequestIdis256Characters()[pri:0, instance:FetchLicense.XRequestValidations@8bd1b6a]" name="FetchLicense_XRequestIdis256Characters" class="FetchLicense.XRequestValidations"/>
        <method signature="XRequestValidations.FetchLicense_XRequestIdisNull()[pri:0, instance:FetchLicense.XRequestValidations@8bd1b6a]" name="FetchLicense_XRequestIdisNull" class="FetchLicense.XRequestValidations"/>
        <method signature="XRequestValidations.FetchLicense_XRequestIdisNullAsString()[pri:0, instance:FetchLicense.XRequestValidations@8bd1b6a]" name="FetchLicense_XRequestIdisNullAsString" class="FetchLicense.XRequestValidations"/>
        <method signature="XRequestValidations.FetchLicense_XRequestIdisgreaterthan256Characters()[pri:0, instance:FetchLicense.XRequestValidations@8bd1b6a]" name="FetchLicense_XRequestIdisgreaterthan256Characters" class="FetchLicense.XRequestValidations"/>
      </group> <!-- FetchLicense -->
      <group name="FetchFeature">
        <method signature="Fetch_Feature.FeatureIdNotinDatabase()[pri:0, instance:FetchFeature.Fetch_Feature@1753acfe]" name="FeatureIdNotinDatabase" class="FetchFeature.Fetch_Feature"/>
        <method signature="Fetch_Feature.FeatureIdis255Characters_AndNotinDatabase()[pri:0, instance:FetchFeature.Fetch_Feature@1753acfe]" name="FeatureIdis255Characters_AndNotinDatabase" class="FetchFeature.Fetch_Feature"/>
        <method signature="Fetch_Feature.FeatureIdis255Characters_AndPresentinDatabase()[pri:0, instance:FetchFeature.Fetch_Feature@1753acfe]" name="FeatureIdis255Characters_AndPresentinDatabase" class="FetchFeature.Fetch_Feature"/>
        <method signature="Fetch_Feature.FeatureIdis256Characters_AndNotinDatabase()[pri:0, instance:FetchFeature.Fetch_Feature@1753acfe]" name="FeatureIdis256Characters_AndNotinDatabase" class="FetchFeature.Fetch_Feature"/>
        <method signature="Fetch_Feature.FeatureIdis256Characters_AndPresentinDatabase()[pri:0, instance:FetchFeature.Fetch_Feature@1753acfe]" name="FeatureIdis256Characters_AndPresentinDatabase" class="FetchFeature.Fetch_Feature"/>
        <method signature="Fetch_Feature.FeatureIdis257Characters()[pri:0, instance:FetchFeature.Fetch_Feature@1753acfe]" name="FeatureIdis257Characters" class="FetchFeature.Fetch_Feature"/>
        <method signature="Fetch_Feature.FeatureIdnotmappedtotenant()[pri:0, instance:FetchFeature.Fetch_Feature@1753acfe]" name="FeatureIdnotmappedtotenant" class="FetchFeature.Fetch_Feature"/>
        <method signature="Fetch_Feature.FetchFeatureValidResponse()[pri:0, instance:FetchFeature.Fetch_Feature@1753acfe]" name="FetchFeatureValidResponse" class="FetchFeature.Fetch_Feature"/>
        <method signature="Fetch_Feature.TenantIdNotinDatabase()[pri:0, instance:FetchFeature.Fetch_Feature@1753acfe]" name="TenantIdNotinDatabase" class="FetchFeature.Fetch_Feature"/>
        <method signature="Fetch_Feature.TenantIdis255Characters()[pri:0, instance:FetchFeature.Fetch_Feature@1753acfe]" name="TenantIdis255Characters" class="FetchFeature.Fetch_Feature"/>
        <method signature="Fetch_Feature.TenantIdis256Characters()[pri:0, instance:FetchFeature.Fetch_Feature@1753acfe]" name="TenantIdis256Characters" class="FetchFeature.Fetch_Feature"/>
        <method signature="Fetch_Feature.TenantIdis257Characters()[pri:0, instance:FetchFeature.Fetch_Feature@1753acfe]" name="TenantIdis257Characters" class="FetchFeature.Fetch_Feature"/>
        <method signature="Fetch_Feature.TenantIdisNull()[pri:0, instance:FetchFeature.Fetch_Feature@1753acfe]" name="TenantIdisNull" class="FetchFeature.Fetch_Feature"/>
        <method signature="Fetch_Feature.VerifyWhenFeatureIdisNull()[pri:0, instance:FetchFeature.Fetch_Feature@1753acfe]" name="VerifyWhenFeatureIdisNull" class="FetchFeature.Fetch_Feature"/>
        <method signature="Fetch_Feature.XRequestIdis257Characters()[pri:0, instance:FetchFeature.Fetch_Feature@1753acfe]" name="XRequestIdis257Characters" class="FetchFeature.Fetch_Feature"/>
        <method signature="Fetch_Feature.XRequestIdisNull()[pri:0, instance:FetchFeature.Fetch_Feature@1753acfe]" name="XRequestIdisNull" class="FetchFeature.Fetch_Feature"/>
        <method signature="Fetch_Feature.XRequestis256Characters()[pri:0, instance:FetchFeature.Fetch_Feature@1753acfe]" name="XRequestis256Characters" class="FetchFeature.Fetch_Feature"/>
      </group> <!-- FetchFeature -->
      <group name="FetchPackage">
        <method signature="EndDateValidations.FetchPackage_EndDateisInvalid()[pri:0, instance:FetchPackage.EndDateValidations@7dc7cbad]" name="FetchPackage_EndDateisInvalid" class="FetchPackage.EndDateValidations"/>
        <method signature="EndDateValidations.FetchPackage_EndDateisMissing()[pri:0, instance:FetchPackage.EndDateValidations@7dc7cbad]" name="FetchPackage_EndDateisMissing" class="FetchPackage.EndDateValidations"/>
        <method signature="EndDateValidations.FetchPackage_EndDateishavingCharacters()[pri:0, instance:FetchPackage.EndDateValidations@7dc7cbad]" name="FetchPackage_EndDateishavingCharacters" class="FetchPackage.EndDateValidations"/>
        <method signature="EndDateValidations.FetchPackage_EndDateisinDifferentFormat()[pri:0, instance:FetchPackage.EndDateValidations@7dc7cbad]" name="FetchPackage_EndDateisinDifferentFormat" class="FetchPackage.EndDateValidations"/>
        <method signature="FeatureIdValidations.FetchPackage_FeatureIdIsNull()[pri:0, instance:FetchPackage.FeatureIdValidations@d2cc05a]" name="FetchPackage_FeatureIdIsNull" class="FetchPackage.FeatureIdValidations"/>
        <method signature="FeatureIdValidations.FetchPackage_FeatureIdgreaterthan256Characters()[pri:0, instance:FetchPackage.FeatureIdValidations@d2cc05a]" name="FetchPackage_FeatureIdgreaterthan256Characters" class="FetchPackage.FeatureIdValidations"/>
        <method signature="FeatureIdValidations.FetchPackage_FeatureIdisNotMappedtoPackageId()[pri:0, instance:FetchPackage.FeatureIdValidations@d2cc05a]" name="FetchPackage_FeatureIdisNotMappedtoPackageId" class="FetchPackage.FeatureIdValidations"/>
        <method signature="FeatureIdValidations.FetchPackage_OnlyFeatureIdisSent()[pri:0, instance:FetchPackage.FeatureIdValidations@d2cc05a]" name="FetchPackage_OnlyFeatureIdisSent" class="FetchPackage.FeatureIdValidations"/>
        <method signature="FeatureIdValidations.FetchPackage_WhenFeatureIdandStartDateandEndDatearePresent()[pri:0, instance:FetchPackage.FeatureIdValidations@d2cc05a]" name="FetchPackage_WhenFeatureIdandStartDateandEndDatearePresent" class="FetchPackage.FeatureIdValidations"/>
        <method signature="FeatureIdValidations.FetchPackage_WhenInvalidFeatureisSent()[pri:0, instance:FetchPackage.FeatureIdValidations@d2cc05a]" name="FetchPackage_WhenInvalidFeatureisSent" class="FetchPackage.FeatureIdValidations"/>
        <method signature="FeatureIdValidations.FetchPackage_WhenPackageIdandFeatureIdandStartDatearePresent1()[pri:0, instance:FetchPackage.FeatureIdValidations@d2cc05a]" name="FetchPackage_WhenPackageIdandFeatureIdandStartDatearePresent1" class="FetchPackage.FeatureIdValidations"/>
        <method signature="PackageIdValidations.FetchPackage_OnlyPackageIdisSent()[pri:0, instance:FetchPackage.PackageIdValidations@5419f379]" name="FetchPackage_OnlyPackageIdisSent" class="FetchPackage.PackageIdValidations"/>
        <method signature="PackageIdValidations.FetchPackage_PackageIdgreaterthan256Characters()[pri:0, instance:FetchPackage.PackageIdValidations@5419f379]" name="FetchPackage_PackageIdgreaterthan256Characters" class="FetchPackage.PackageIdValidations"/>
        <method signature="PackageIdValidations.FetchPackage_PackageisNull()[pri:0, instance:FetchPackage.PackageIdValidations@5419f379]" name="FetchPackage_PackageisNull" class="FetchPackage.PackageIdValidations"/>
        <method signature="PackageIdValidations.FetchPackage_WhenInvalidPackageisSent()[pri:0, instance:FetchPackage.PackageIdValidations@5419f379]" name="FetchPackage_WhenInvalidPackageisSent" class="FetchPackage.PackageIdValidations"/>
        <method signature="PackageIdValidations.FetchPackage_WhenPackageIdandFeatureIdandStartDateandEndDatearePresent()[pri:0, instance:FetchPackage.PackageIdValidations@5419f379]" name="FetchPackage_WhenPackageIdandFeatureIdandStartDateandEndDatearePresent" class="FetchPackage.PackageIdValidations"/>
        <method signature="PackageIdValidations.FetchPackage_WhenPackageIdandFeatureIdandStartDatearePresent1()[pri:0, instance:FetchPackage.PackageIdValidations@5419f379]" name="FetchPackage_WhenPackageIdandFeatureIdandStartDatearePresent1" class="FetchPackage.PackageIdValidations"/>
        <method signature="PackageIdValidations.FetchPackage_WhenPackageIdandFeatureIdarePresent()[pri:0, instance:FetchPackage.PackageIdValidations@5419f379]" name="FetchPackage_WhenPackageIdandFeatureIdarePresent" class="FetchPackage.PackageIdValidations"/>
        <method signature="PackageIdValidations.FetchPackage_WhenPackageIdandStartDateandEndDatearePresent()[pri:0, instance:FetchPackage.PackageIdValidations@5419f379]" name="FetchPackage_WhenPackageIdandStartDateandEndDatearePresent" class="FetchPackage.PackageIdValidations"/>
        <method signature="PackageIdValidations.FetchPackage_WhenPackageIdhasMultipleFeatureId()[pri:0, instance:FetchPackage.PackageIdValidations@5419f379]" name="FetchPackage_WhenPackageIdhasMultipleFeatureId" class="FetchPackage.PackageIdValidations"/>
        <method signature="StartDateValidations.FetchPackage_StartDateandEndDateareSame()[pri:0, instance:FetchPackage.StartDateValidations@4520ebad]" name="FetchPackage_StartDateandEndDateareSame" class="FetchPackage.StartDateValidations"/>
        <method signature="StartDateValidations.FetchPackage_StartDateisGreaterThanEndDate()[pri:0, instance:FetchPackage.StartDateValidations@4520ebad]" name="FetchPackage_StartDateisGreaterThanEndDate" class="FetchPackage.StartDateValidations"/>
        <method signature="StartDateValidations.FetchPackage_StartDateisInvalid()[pri:0, instance:FetchPackage.StartDateValidations@4520ebad]" name="FetchPackage_StartDateisInvalid" class="FetchPackage.StartDateValidations"/>
        <method signature="StartDateValidations.FetchPackage_StartDateisMissing()[pri:0, instance:FetchPackage.StartDateValidations@4520ebad]" name="FetchPackage_StartDateisMissing" class="FetchPackage.StartDateValidations"/>
        <method signature="StartDateValidations.FetchPackage_StartDateishavingCharacters()[pri:0, instance:FetchPackage.StartDateValidations@4520ebad]" name="FetchPackage_StartDateishavingCharacters" class="FetchPackage.StartDateValidations"/>
        <method signature="StartDateValidations.FetchPackage_StartDateisinDifferentFormat()[pri:0, instance:FetchPackage.StartDateValidations@4520ebad]" name="FetchPackage_StartDateisinDifferentFormat" class="FetchPackage.StartDateValidations"/>
        <method signature="StatusValidations.FetchPackage_FeatureIdandStatesisGiven()[pri:0, instance:FetchPackage.StatusValidations@58651fd0]" name="FetchPackage_FeatureIdandStatesisGiven" class="FetchPackage.StatusValidations"/>
        <method signature="StatusValidations.FetchPackage_OnlyStatesisGivenintheRequest_Deprecated()[pri:0, instance:FetchPackage.StatusValidations@58651fd0]" name="FetchPackage_OnlyStatesisGivenintheRequest_Deprecated" class="FetchPackage.StatusValidations"/>
        <method signature="StatusValidations.FetchPackage_OnlyStatesisGivenintheRequest_Inuse()[pri:0, instance:FetchPackage.StatusValidations@58651fd0]" name="FetchPackage_OnlyStatesisGivenintheRequest_Inuse" class="FetchPackage.StatusValidations"/>
        <method signature="StatusValidations.FetchPackage_OnlyStatesisGivenintheRequest_OutofUse()[pri:0, instance:FetchPackage.StatusValidations@58651fd0]" name="FetchPackage_OnlyStatesisGivenintheRequest_OutofUse" class="FetchPackage.StatusValidations"/>
        <method signature="StatusValidations.FetchPackage_PackageIdandStatesisGiven()[pri:0, instance:FetchPackage.StatusValidations@58651fd0]" name="FetchPackage_PackageIdandStatesisGiven" class="FetchPackage.StatusValidations"/>
        <method signature="StatusValidations.FetchPackage_StatesIsGivenInInvalidFormat_Deprecated()[pri:0, instance:FetchPackage.StatusValidations@58651fd0]" name="FetchPackage_StatesIsGivenInInvalidFormat_Deprecated" class="FetchPackage.StatusValidations"/>
        <method signature="StatusValidations.FetchPackage_StatesIsGivenInInvalidFormat_Inuse()[pri:0, instance:FetchPackage.StatusValidations@58651fd0]" name="FetchPackage_StatesIsGivenInInvalidFormat_Inuse" class="FetchPackage.StatusValidations"/>
        <method signature="StatusValidations.FetchPackage_StatesIsGivenInInvalidFormat_OutofUse()[pri:0, instance:FetchPackage.StatusValidations@58651fd0]" name="FetchPackage_StatesIsGivenInInvalidFormat_OutofUse" class="FetchPackage.StatusValidations"/>
        <method signature="StatusValidations.FetchPackage_StatesandDateRangeIsGiven()[pri:0, instance:FetchPackage.StatusValidations@58651fd0]" name="FetchPackage_StatesandDateRangeIsGiven" class="FetchPackage.StatusValidations"/>
        <method signature="StatusValidations.FetchPackage_StatesandDateRangeisGiven()[pri:0, instance:FetchPackage.StatusValidations@58651fd0]" name="FetchPackage_StatesandDateRangeisGiven" class="FetchPackage.StatusValidations"/>
        <method signature="StatusValidations.FetchPackage_StatusisMissing()[pri:0, instance:FetchPackage.StatusValidations@58651fd0]" name="FetchPackage_StatusisMissing" class="FetchPackage.StatusValidations"/>
        <method signature="StatusValidations.FetchPackage_WhenMultipleStatesisGiven_InuseAndDeprecated()[pri:0, instance:FetchPackage.StatusValidations@58651fd0]" name="FetchPackage_WhenMultipleStatesisGiven_InuseAndDeprecated" class="FetchPackage.StatusValidations"/>
        <method signature="StatusValidations.FetchPackage_WhenMultipleStatesisGiven_Out_of_UseAndDeprecated()[pri:0, instance:FetchPackage.StatusValidations@58651fd0]" name="FetchPackage_WhenMultipleStatesisGiven_Out_of_UseAndDeprecated" class="FetchPackage.StatusValidations"/>
        <method signature="TenantValidations.FetchPackage_TenantIdGreaterthan256Characters()[pri:0, instance:FetchPackage.TenantValidations@735b5592]" name="FetchPackage_TenantIdGreaterthan256Characters" class="FetchPackage.TenantValidations"/>
        <method signature="TenantValidations.FetchPackage_TenantIdIs255Characters()[pri:0, instance:FetchPackage.TenantValidations@735b5592]" name="FetchPackage_TenantIdIs255Characters" class="FetchPackage.TenantValidations"/>
        <method signature="TenantValidations.FetchPackage_TenantIdIs256Characters()[pri:0, instance:FetchPackage.TenantValidations@735b5592]" name="FetchPackage_TenantIdIs256Characters" class="FetchPackage.TenantValidations"/>
        <method signature="TenantValidations.FetchPackage_TenantIdNotInDatabase()[pri:0, instance:FetchPackage.TenantValidations@735b5592]" name="FetchPackage_TenantIdNotInDatabase" class="FetchPackage.TenantValidations"/>
        <method signature="TenantValidations.FetchPackage_TenantIdNotMapped()[pri:0, instance:FetchPackage.TenantValidations@735b5592]" name="FetchPackage_TenantIdNotMapped" class="FetchPackage.TenantValidations"/>
        <method signature="TenantValidations.FetchPackage_TenantIdisNull()[pri:0, instance:FetchPackage.TenantValidations@735b5592]" name="FetchPackage_TenantIdisNull" class="FetchPackage.TenantValidations"/>
        <method signature="TenantValidations.FetchPackage_TenantIsInvalid()[pri:0, instance:FetchPackage.TenantValidations@735b5592]" name="FetchPackage_TenantIsInvalid" class="FetchPackage.TenantValidations"/>
        <method signature="ValidData.FetchPackage_ValidData()[pri:0, instance:FetchPackage.ValidData@4f933fd1]" name="FetchPackage_ValidData" class="FetchPackage.ValidData"/>
        <method signature="XRequestIdValidations.FetchPackage_XrequestIdGreaterthan256Characters()[pri:0, instance:FetchPackage.XRequestIdValidations@548a9f61]" name="FetchPackage_XrequestIdGreaterthan256Characters" class="FetchPackage.XRequestIdValidations"/>
        <method signature="XRequestIdValidations.FetchPackage_XrequestIdIs255Characters()[pri:0, instance:FetchPackage.XRequestIdValidations@548a9f61]" name="FetchPackage_XrequestIdIs255Characters" class="FetchPackage.XRequestIdValidations"/>
        <method signature="XRequestIdValidations.FetchPackage_XrequestIdIs256Characters()[pri:0, instance:FetchPackage.XRequestIdValidations@548a9f61]" name="FetchPackage_XrequestIdIs256Characters" class="FetchPackage.XRequestIdValidations"/>
        <method signature="XRequestIdValidations.FetchPackage_XrequestIdisNull()[pri:0, instance:FetchPackage.XRequestIdValidations@548a9f61]" name="FetchPackage_XrequestIdisNull" class="FetchPackage.XRequestIdValidations"/>
      </group> <!-- FetchPackage -->
    </groups>
    <test name="Test" duration-ms="613489" started-at="2018-10-01T06:58:58Z" finished-at="2018-10-01T07:09:11Z">
      <class name="AddFeature.AddFeature_MultipleRequests">
        <test-method status="PASS" signature="startup()[pri:0, instance:AddFeature.AddFeature_MultipleRequests@4cc0edeb]" name="startup" is-config="true" duration-ms="0" started-at="2018-10-01T06:59:37Z" finished-at="2018-10-01T06:59:37Z">
          <reporter-output>
          </reporter-output>
        </test-method> <!-- startup -->
        <test-method status="PASS" signature="AddFeature_AddDifferentFeatureIdWithSameDescription()[pri:0, instance:AddFeature.AddFeature_MultipleRequests@4cc0edeb]" name="AddFeature_AddDifferentFeatureIdWithSameDescription" duration-ms="117" started-at="2018-10-01T06:59:37Z" finished-at="2018-10-01T06:59:37Z">
          <reporter-output>
          </reporter-output>
        </test-method> <!-- AddFeature_AddDifferentFeatureIdWithSameDescription -->
        <test-method status="FAIL" signature="AddFeature_AddMultipleFeaureidsWithOneFeatureIdAlreadyPresent()[pri:0, instance:AddFeature.AddFeature_MultipleRequests@4cc0edeb]" name="AddFeature_AddMultipleFeaureidsWithOneFeatureIdAlreadyPresent" duration-ms="2348" started-at="2018-10-01T06:59:37Z" finished-at="2018-10-01T06:59:39Z">
          <exception class="java.lang.AssertionError">
            <message>
              <![CDATA[1 expectation failed.
Expected status code <409> doesn't match actual status code <500>.
]]>
            </message>
            <full-stacktrace>
              <![CDATA[java.lang.AssertionError: 1 expectation failed.
Expected status code <409> doesn't match actual status code <500>.

at sun.reflect.NativeConstructorAccessorImpl.newInstance0(Native Method)
at sun.reflect.NativeConstructorAccessorImpl.newInstance(NativeConstructorAccessorImpl.java:62)
at sun.reflect.DelegatingConstructorAccessorImpl.newInstance(DelegatingConstructorAccessorImpl.java:45)
at java.lang.reflect.Constructor.newInstance(Constructor.java:422)
at org.codehaus.groovy.reflection.CachedConstructor.invoke(CachedConstructor.java:83)
at org.codehaus.groovy.reflection.CachedConstructor.doConstructorInvoke(CachedConstructor.java:77)
at org.codehaus.groovy.runtime.callsite.ConstructorSite$ConstructorSiteNoUnwrap.callConstructor(ConstructorSite.java:84)
at org.codehaus.groovy.runtime.callsite.AbstractCallSite.callConstructor(AbstractCallSite.java:247)
at io.restassured.internal.ResponseSpecificationImpl$HamcrestAssertionClosure.validate(ResponseSpecificationImpl.groovy:451)
at io.restassured.internal.ResponseSpecificationImpl$HamcrestAssertionClosure$validate$1.call(Unknown Source)
at io.restassured.internal.ResponseSpecificationImpl.validateResponseIfRequired(ResponseSpecificationImpl.groovy:613)
at sun.reflect.GeneratedMethodAccessor59.invoke(Unknown Source)
at sun.reflect.DelegatingMethodAccessorImpl.invoke(DelegatingMethodAccessorImpl.java:43)
at java.lang.reflect.Method.invoke(Method.java:497)
at org.codehaus.groovy.runtime.callsite.PogoMetaMethodSite$PogoCachedMethodSiteNoUnwrapNoCoerce.invoke(PogoMetaMethodSite.java:210)
at org.codehaus.groovy.runtime.callsite.PogoMetaMethodSite.callCurrent(PogoMetaMethodSite.java:59)
at org.codehaus.groovy.runtime.callsite.AbstractCallSite.callCurrent(AbstractCallSite.java:166)
at io.restassured.internal.ResponseSpecificationImpl.statusCode(ResponseSpecificationImpl.groovy:120)
at io.restassured.specification.ResponseSpecification$statusCode$0.callCurrent(Unknown Source)
at io.restassured.internal.ResponseSpecificationImpl.statusCode(ResponseSpecificationImpl.groovy:128)
at io.restassured.internal.ValidatableResponseOptionsImpl.statusCode(ValidatableResponseOptionsImpl.java:117)
at AddFeature.Utils.FeatureIdAlreadyExists(Utils.java:198)
at AddFeature.AddFeature_MultipleRequests.AddFeature_AddMultipleFeaureidsWithOneFeatureIdAlreadyPresent(AddFeature_MultipleRequests.java:271)
at sun.reflect.NativeMethodAccessorImpl.invoke0(Native Method)
at sun.reflect.NativeMethodAccessorImpl.invoke(NativeMethodAccessorImpl.java:62)
at sun.reflect.DelegatingMethodAccessorImpl.invoke(DelegatingMethodAccessorImpl.java:43)
at java.lang.reflect.Method.invoke(Method.java:497)
at org.testng.internal.MethodInvocationHelper.invokeMethod(MethodInvocationHelper.java:124)
at org.testng.internal.Invoker.invokeMethod(Invoker.java:583)
at org.testng.internal.Invoker.invokeTestMethod(Invoker.java:719)
at org.testng.internal.Invoker.invokeTestMethods(Invoker.java:989)
at org.testng.internal.TestMethodWorker.invokeTestMethods(TestMethodWorker.java:125)
at org.testng.internal.TestMethodWorker.run(TestMethodWorker.java:109)
at org.testng.TestRunner.privateRun(TestRunner.java:648)
at org.testng.TestRunner.run(TestRunner.java:505)
at org.testng.SuiteRunner.runTest(SuiteRunner.java:455)
at org.testng.SuiteRunner.runSequentially(SuiteRunner.java:450)
at org.testng.SuiteRunner.privateRun(SuiteRunner.java:415)
at org.testng.SuiteRunner.run(SuiteRunner.java:364)
at org.testng.SuiteRunnerWorker.runSuite(SuiteRunnerWorker.java:52)
at org.testng.SuiteRunnerWorker.run(SuiteRunnerWorker.java:84)
at org.testng.TestNG.runSuitesSequentially(TestNG.java:1208)
at org.testng.TestNG.runSuitesLocally(TestNG.java:1137)
at org.testng.TestNG.runSuites(TestNG.java:1049)
at org.testng.TestNG.run(TestNG.java:1017)
at org.apache.maven.surefire.testng.TestNGExecutor.run(TestNGExecutor.java:281)
at org.apache.maven.surefire.testng.TestNGXmlTestSuite.execute(TestNGXmlTestSuite.java:75)
at org.apache.maven.surefire.testng.TestNGProvider.invoke(TestNGProvider.java:121)
at org.apache.maven.surefire.booter.ForkedBooter.invokeProviderInSameClassLoader(ForkedBooter.java:290)
at org.apache.maven.surefire.booter.ForkedBooter.runSuitesInProcess(ForkedBooter.java:242)
at org.apache.maven.surefire.booter.ForkedBooter.main(ForkedBooter.java:121)
]]>
            </full-stacktrace>
          </exception> <!-- java.lang.AssertionError -->
          <reporter-output>
          </reporter-output>
        </test-method> <!-- AddFeature_AddMultipleFeaureidsWithOneFeatureIdAlreadyPresent -->
        <test-method status="PASS" signature="startup()[pri:0, instance:AddFeature.AddFeature_MultipleRequests@4cc0edeb]" name="startup" is-config="true" duration-ms="0" started-at="2018-10-01T06:59:37Z" finished-at="2018-10-01T06:59:37Z">
          <reporter-output>
          </reporter-output>
        </test-method> <!-- startup -->
        <test-method status="PASS" signature="AddFeature_AddMultipleFeaureids_UsingSingleRequest()[pri:0, instance:AddFeature.AddFeature_MultipleRequests@4cc0edeb]" name="AddFeature_AddMultipleFeaureids_UsingSingleRequest" duration-ms="1389" started-at="2018-10-01T06:59:39Z" finished-at="2018-10-01T06:59:41Z">
          <reporter-output>
          </reporter-output>
        </test-method> <!-- AddFeature_AddMultipleFeaureids_UsingSingleRequest -->
        <test-method status="PASS" signature="startup()[pri:0, instance:AddFeature.AddFeature_MultipleRequests@4cc0edeb]" name="startup" is-config="true" duration-ms="0" started-at="2018-10-01T06:59:39Z" finished-at="2018-10-01T06:59:39Z">
          <reporter-output>
          </reporter-output>
        </test-method> <!-- startup -->
        <test-method status="PASS" signature="startup()[pri:0, instance:AddFeature.AddFeature_MultipleRequests@4cc0edeb]" name="startup" is-config="true" duration-ms="1" started-at="2018-10-01T06:59:41Z" finished-at="2018-10-01T06:59:41Z">
          <reporter-output>
          </reporter-output>
        </test-method> <!-- startup -->
        <test-method status="PASS" signature="AddFeature_AddMultipleFeaureidsofSameFeatureId()[pri:0, instance:AddFeature.AddFeature_MultipleRequests@4cc0edeb]" name="AddFeature_AddMultipleFeaureidsofSameFeatureId" duration-ms="1093" started-at="2018-10-01T06:59:41Z" finished-at="2018-10-01T06:59:42Z">
          <reporter-output>
          </reporter-output>
        </test-method> <!-- AddFeature_AddMultipleFeaureidsofSameFeatureId -->
      </class> <!-- AddFeature.AddFeature_MultipleRequests -->
      <class name="AddFeature.AddFeatureValidations">
        <test-method status="PASS" signature="startup()[pri:0, instance:AddFeature.AddFeatureValidations@39aeed2f]" name="startup" is-config="true" duration-ms="0" started-at="2018-10-01T07:06:40Z" finished-at="2018-10-01T07:06:40Z">
          <reporter-output>
          </reporter-output>
        </test-method> <!-- startup -->
        <test-method status="PASS" signature="AddFeature_InvalidRequestFormat()[pri:0, instance:AddFeature.AddFeatureValidations@39aeed2f]" name="AddFeature_InvalidRequestFormat" duration-ms="1160" started-at="2018-10-01T07:06:40Z" finished-at="2018-10-01T07:06:41Z">
          <reporter-output>
          </reporter-output>
        </test-method> <!-- AddFeature_InvalidRequestFormat -->
        <test-method status="PASS" signature="startup()[pri:0, instance:AddFeature.AddFeatureValidations@39aeed2f]" name="startup" is-config="true" duration-ms="1" started-at="2018-10-01T07:06:41Z" finished-at="2018-10-01T07:06:41Z">
          <reporter-output>
          </reporter-output>
        </test-method> <!-- startup -->
        <test-method status="PASS" signature="AddFeaturewithValidData()[pri:0, instance:AddFeature.AddFeatureValidations@39aeed2f]" name="AddFeaturewithValidData" duration-ms="51" started-at="2018-10-01T07:06:41Z" finished-at="2018-10-01T07:06:41Z">
          <reporter-output>
          </reporter-output>
        </test-method> <!-- AddFeaturewithValidData -->
      </class> <!-- AddFeature.AddFeatureValidations -->
      <class name="AddPackage.MetadataValidations">
        <test-method status="PASS" signature="AddPackage_Metadataininvalidformat()[pri:0, instance:AddPackage.MetadataValidations@2a2d45ba]" name="AddPackage_Metadataininvalidformat" duration-ms="5232" started-at="2018-10-01T07:03:54Z" finished-at="2018-10-01T07:04:00Z">
          <reporter-output>
          </reporter-output>
        </test-method> <!-- AddPackage_Metadataininvalidformat -->
        <test-method status="PASS" signature="startup()[pri:0, instance:AddPackage.MetadataValidations@2a2d45ba]" name="startup" is-config="true" duration-ms="0" started-at="2018-10-01T07:03:54Z" finished-at="2018-10-01T07:03:54Z">
          <reporter-output>
          </reporter-output>
        </test-method> <!-- startup -->
        <test-method status="PASS" signature="startup()[pri:0, instance:AddPackage.MetadataValidations@2a2d45ba]" name="startup" is-config="true" duration-ms="0" started-at="2018-10-01T07:04:00Z" finished-at="2018-10-01T07:04:00Z">
          <reporter-output>
          </reporter-output>
        </test-method> <!-- startup -->
        <test-method status="PASS" signature="AddPackage_MetadataisNull()[pri:0, instance:AddPackage.MetadataValidations@2a2d45ba]" name="AddPackage_MetadataisNull" duration-ms="747" started-at="2018-10-01T07:04:00Z" finished-at="2018-10-01T07:04:00Z">
          <reporter-output>
          </reporter-output>
        </test-method> <!-- AddPackage_MetadataisNull -->
      </class> <!-- AddPackage.MetadataValidations -->
      <class name="FetchPackage.StatusValidations">
        <test-method status="FAIL" signature="FetchPackage_FeatureIdandStatesisGiven()[pri:0, instance:FetchPackage.StatusValidations@58651fd0]" name="FetchPackage_FeatureIdandStatesisGiven" duration-ms="7182" started-at="2018-10-01T07:00:00Z" finished-at="2018-10-01T07:00:07Z">
          <exception class="java.lang.AssertionError">
            <message>
              <![CDATA[1 expectation failed.
Expected status code <200> doesn't match actual status code <500>.
]]>
            </message>
            <full-stacktrace>
              <![CDATA[java.lang.AssertionError: 1 expectation failed.
Expected status code <200> doesn't match actual status code <500>.

at sun.reflect.NativeConstructorAccessorImpl.newInstance0(Native Method)
at sun.reflect.NativeConstructorAccessorImpl.newInstance(NativeConstructorAccessorImpl.java:62)
at sun.reflect.DelegatingConstructorAccessorImpl.newInstance(DelegatingConstructorAccessorImpl.java:45)
at java.lang.reflect.Constructor.newInstance(Constructor.java:422)
at org.codehaus.groovy.reflection.CachedConstructor.invoke(CachedConstructor.java:83)
at org.codehaus.groovy.reflection.CachedConstructor.doConstructorInvoke(CachedConstructor.java:77)
at org.codehaus.groovy.runtime.callsite.ConstructorSite$ConstructorSiteNoUnwrap.callConstructor(ConstructorSite.java:84)
at org.codehaus.groovy.runtime.callsite.AbstractCallSite.callConstructor(AbstractCallSite.java:247)
at io.restassured.internal.ResponseSpecificationImpl$HamcrestAssertionClosure.validate(ResponseSpecificationImpl.groovy:451)
at io.restassured.internal.ResponseSpecificationImpl$HamcrestAssertionClosure$validate$1.call(Unknown Source)
at io.restassured.internal.ResponseSpecificationImpl.validateResponseIfRequired(ResponseSpecificationImpl.groovy:613)
at sun.reflect.GeneratedMethodAccessor59.invoke(Unknown Source)
at sun.reflect.DelegatingMethodAccessorImpl.invoke(DelegatingMethodAccessorImpl.java:43)
at java.lang.reflect.Method.invoke(Method.java:497)
at org.codehaus.groovy.runtime.callsite.PogoMetaMethodSite$PogoCachedMethodSiteNoUnwrapNoCoerce.invoke(PogoMetaMethodSite.java:210)
at org.codehaus.groovy.runtime.callsite.PogoMetaMethodSite.callCurrent(PogoMetaMethodSite.java:59)
at org.codehaus.groovy.runtime.callsite.AbstractCallSite.callCurrent(AbstractCallSite.java:166)
at io.restassured.internal.ResponseSpecificationImpl.statusCode(ResponseSpecificationImpl.groovy:120)
at io.restassured.specification.ResponseSpecification$statusCode$0.callCurrent(Unknown Source)
at io.restassured.internal.ResponseSpecificationImpl.statusCode(ResponseSpecificationImpl.groovy:128)
at io.restassured.internal.ValidatableResponseOptionsImpl.statusCode(ValidatableResponseOptionsImpl.java:117)
at FetchPackage.Utils.ValidateResponseisNull(Utils.java:396)
at FetchPackage.StatusValidations.FetchPackage_FeatureIdandStatesisGiven(StatusValidations.java:231)
at sun.reflect.NativeMethodAccessorImpl.invoke0(Native Method)
at sun.reflect.NativeMethodAccessorImpl.invoke(NativeMethodAccessorImpl.java:62)
at sun.reflect.DelegatingMethodAccessorImpl.invoke(DelegatingMethodAccessorImpl.java:43)
at java.lang.reflect.Method.invoke(Method.java:497)
at org.testng.internal.MethodInvocationHelper.invokeMethod(MethodInvocationHelper.java:124)
at org.testng.internal.Invoker.invokeMethod(Invoker.java:583)
at org.testng.internal.Invoker.invokeTestMethod(Invoker.java:719)
at org.testng.internal.Invoker.invokeTestMethods(Invoker.java:989)
at org.testng.internal.TestMethodWorker.invokeTestMethods(TestMethodWorker.java:125)
at org.testng.internal.TestMethodWorker.run(TestMethodWorker.java:109)
at org.testng.TestRunner.privateRun(TestRunner.java:648)
at org.testng.TestRunner.run(TestRunner.java:505)
at org.testng.SuiteRunner.runTest(SuiteRunner.java:455)
at org.testng.SuiteRunner.runSequentially(SuiteRunner.java:450)
at org.testng.SuiteRunner.privateRun(SuiteRunner.java:415)
at org.testng.SuiteRunner.run(SuiteRunner.java:364)
at org.testng.SuiteRunnerWorker.runSuite(SuiteRunnerWorker.java:52)
at org.testng.SuiteRunnerWorker.run(SuiteRunnerWorker.java:84)
at org.testng.TestNG.runSuitesSequentially(TestNG.java:1208)
at org.testng.TestNG.runSuitesLocally(TestNG.java:1137)
at org.testng.TestNG.runSuites(TestNG.java:1049)
at org.testng.TestNG.run(TestNG.java:1017)
at org.apache.maven.surefire.testng.TestNGExecutor.run(TestNGExecutor.java:281)
at org.apache.maven.surefire.testng.TestNGXmlTestSuite.execute(TestNGXmlTestSuite.java:75)
at org.apache.maven.surefire.testng.TestNGProvider.invoke(TestNGProvider.java:121)
at org.apache.maven.surefire.booter.ForkedBooter.invokeProviderInSameClassLoader(ForkedBooter.java:290)
at org.apache.maven.surefire.booter.ForkedBooter.runSuitesInProcess(ForkedBooter.java:242)
at org.apache.maven.surefire.booter.ForkedBooter.main(ForkedBooter.java:121)
]]>
            </full-stacktrace>
          </exception> <!-- java.lang.AssertionError -->
          <reporter-output>
          </reporter-output>
        </test-method> <!-- FetchPackage_FeatureIdandStatesisGiven -->
        <test-method status="FAIL" signature="FetchPackage_OnlyStatesisGivenintheRequest_Deprecated()[pri:0, instance:FetchPackage.StatusValidations@58651fd0]" name="FetchPackage_OnlyStatesisGivenintheRequest_Deprecated" duration-ms="60064" started-at="2018-10-01T07:00:07Z" finished-at="2018-10-01T07:01:07Z">
          <exception class="java.lang.AssertionError">
            <message>
              <![CDATA[1 expectation failed.
Expected status code <200> doesn't match actual status code <504>.
]]>
            </message>
            <full-stacktrace>
              <![CDATA[java.lang.AssertionError: 1 expectation failed.
Expected status code <200> doesn't match actual status code <504>.

at sun.reflect.NativeConstructorAccessorImpl.newInstance0(Native Method)
at sun.reflect.NativeConstructorAccessorImpl.newInstance(NativeConstructorAccessorImpl.java:62)
at sun.reflect.DelegatingConstructorAccessorImpl.newInstance(DelegatingConstructorAccessorImpl.java:45)
at java.lang.reflect.Constructor.newInstance(Constructor.java:422)
at org.codehaus.groovy.reflection.CachedConstructor.invoke(CachedConstructor.java:83)
at org.codehaus.groovy.reflection.CachedConstructor.doConstructorInvoke(CachedConstructor.java:77)
at org.codehaus.groovy.runtime.callsite.ConstructorSite$ConstructorSiteNoUnwrap.callConstructor(ConstructorSite.java:84)
at org.codehaus.groovy.runtime.callsite.AbstractCallSite.callConstructor(AbstractCallSite.java:247)
at io.restassured.internal.ResponseSpecificationImpl$HamcrestAssertionClosure.validate(ResponseSpecificationImpl.groovy:451)
at io.restassured.internal.ResponseSpecificationImpl$HamcrestAssertionClosure$validate$1.call(Unknown Source)
at io.restassured.internal.ResponseSpecificationImpl.validateResponseIfRequired(ResponseSpecificationImpl.groovy:613)
at sun.reflect.GeneratedMethodAccessor59.invoke(Unknown Source)
[...]
Expected status code <200> doesn't match actual status code <500>.
]]>
            </message>
            <full-stacktrace>
              <![CDATA[java.lang.AssertionError: 1 expectation failed.
Expected status code <200> doesn't match actual status code <500>.

at sun.reflect.GeneratedConstructorAccessor97.newInstance(Unknown Source)
at sun.reflect.DelegatingConstructorAccessorImpl.newInstance(DelegatingConstructorAccessorImpl.java:45)
at java.lang.reflect.Constructor.newInstance(Constructor.java:422)
at org.codehaus.groovy.reflection.CachedConstructor.invoke(CachedConstructor.java:83)
at org.codehaus.groovy.reflection.CachedConstructor.doConstructorInvoke(CachedConstructor.java:77)
at org.codehaus.groovy.runtime.callsite.ConstructorSite$ConstructorSiteNoUnwrap.callConstructor(ConstructorSite.java:84)
at org.codehaus.groovy.runtime.callsite.AbstractCallSite.callConstructor(AbstractCallSite.java:247)
at io.restassured.internal.ResponseSpecificationImpl$HamcrestAssertionClosure.validate(ResponseSpecificationImpl.groovy:451)
at io.restassured.internal.ResponseSpecificationImpl$HamcrestAssertionClosure$validate$1.call(Unknown Source)
at io.restassured.internal.ResponseSpecificationImpl.validateResponseIfRequired(ResponseSpecificationImpl.groovy:613)
at sun.reflect.GeneratedMethodAccessor59.invoke(Unknown Source)
at sun.reflect.DelegatingMethodAccessorImpl.invoke(DelegatingMethodAccessorImpl.java:43)
at java.lang.reflect.Method.invoke(Method.java:497)
at org.codehaus.groovy.runtime.callsite.PogoMetaMethodSite$PogoCachedMethodSiteNoUnwrapNoCoerce.invoke(PogoMetaMethodSite.java:210)
at org.codehaus.groovy.runtime.callsite.PogoMetaMethodSite.callCurrent(PogoMetaMethodSite.java:59)
at org.codehaus.groovy.runtime.callsite.AbstractCallSite.callCurrent(AbstractCallSite.java:166)
at io.restassured.internal.ResponseSpecificationImpl.statusCode(ResponseSpecificationImpl.groovy:120)
at io.restassured.specification.ResponseSpecification$statusCode$0.callCurrent(Unknown Source)
at io.restassured.internal.ResponseSpecificationImpl.statusCode(ResponseSpecificationImpl.groovy:128)
at io.restassured.internal.ValidatableResponseOptionsImpl.statusCode(ValidatableResponseOptionsImpl.java:117)
at FetchLicense.Utils.ValidateSuccessResponse(Utils.java:155)
at FetchLicense.XRequestValidations.FetchLicense_XRequestIdis255Characters(XRequestValidations.java:103)
at sun.reflect.NativeMethodAccessorImpl.invoke0(Native Method)
at sun.reflect.NativeMethodAccessorImpl.invoke(NativeMethodAccessorImpl.java:62)
at sun.reflect.DelegatingMethodAccessorImpl.invoke(DelegatingMethodAccessorImpl.java:43)
at java.lang.reflect.Method.invoke(Method.java:497)
at org.testng.internal.MethodInvocationHelper.invokeMethod(MethodInvocationHelper.java:124)
at org.testng.internal.Invoker.invokeMethod(Invoker.java:583)
at org.testng.internal.Invoker.invokeTestMethod(Invoker.java:719)
at org.testng.internal.Invoker.invokeTestMethods(Invoker.java:989)
at org.testng.internal.TestMethodWorker.invokeTestMethods(TestMethodWorker.java:125)
at org.testng.internal.TestMethodWorker.run(TestMethodWorker.java:109)
at org.testng.TestRunner.privateRun(TestRunner.java:648)
at org.testng.TestRunner.run(TestRunner.java:505)
at org.testng.SuiteRunner.runTest(SuiteRunner.java:455)
at org.testng.SuiteRunner.runSequentially(SuiteRunner.java:450)
at org.testng.SuiteRunner.privateRun(SuiteRunner.java:415)
at org.testng.SuiteRunner.run(SuiteRunner.java:364)
at org.testng.SuiteRunnerWorker.runSuite(SuiteRunnerWorker.java:52)
at org.testng.SuiteRunnerWorker.run(SuiteRunnerWorker.java:84)
at org.testng.TestNG.runSuitesSequentially(TestNG.java:1208)
at org.testng.TestNG.runSuitesLocally(TestNG.java:1137)
at org.testng.TestNG.runSuites(TestNG.java:1049)
at org.testng.TestNG.run(TestNG.java:1017)
at org.apache.maven.surefire.testng.TestNGExecutor.run(TestNGExecutor.java:281)
at org.apache.maven.surefire.testng.TestNGXmlTestSuite.execute(TestNGXmlTestSuite.java:75)
at org.apache.maven.surefire.testng.TestNGProvider.invoke(TestNGProvider.java:121)
at org.apache.maven.surefire.booter.ForkedBooter.invokeProviderInSameClassLoader(ForkedBooter.java:290)
at org.apache.maven.surefire.booter.ForkedBooter.runSuitesInProcess(ForkedBooter.java:242)
at org.apache.maven.surefire.booter.ForkedBooter.main(ForkedBooter.java:121)
]]>
            </full-stacktrace>
          </exception> <!-- java.lang.AssertionError -->
          <reporter-output>
          </reporter-output>
        </test-method> <!-- FetchLicense_XRequestIdis255Characters -->
        <test-method status="PASS" signature="startup()[pri:0, instance:FetchLicense.XRequestValidations@8bd1b6a]" name="startup" is-config="true" duration-ms="1" started-at="2018-10-01T07:06:45Z" finished-at="2018-10-01T07:06:45Z">
          <reporter-output>
          </reporter-output>
        </test-method> <!-- startup -->
        <test-method status="PASS" signature="FetchLicense_XRequestIdis256Characters()[pri:0, instance:FetchLicense.XRequestValidations@8bd1b6a]" name="FetchLicense_XRequestIdis256Characters" duration-ms="1440" started-at="2018-10-01T07:06:45Z" finished-at="2018-10-01T07:06:46Z">
          <reporter-output>
          </reporter-output>
        </test-method> <!-- FetchLicense_XRequestIdis256Characters -->
        <test-method status="PASS" signature="FetchLicense_XRequestIdisNull()[pri:0, instance:FetchLicense.XRequestValidations@8bd1b6a]" name="FetchLicense_XRequestIdisNull" duration-ms="56" started-at="2018-10-01T07:06:46Z" finished-at="2018-10-01T07:06:46Z">
          <reporter-output>
          </reporter-output>
        </test-method> <!-- FetchLicense_XRequestIdisNull -->
        <test-method status="PASS" signature="startup()[pri:0, instance:FetchLicense.XRequestValidations@8bd1b6a]" name="startup" is-config="true" duration-ms="0" started-at="2018-10-01T07:06:46Z" finished-at="2018-10-01T07:06:46Z">
          <reporter-output>
          </reporter-output>
        </test-method> <!-- startup -->
        <test-method status="PASS" signature="startup()[pri:0, instance:FetchLicense.XRequestValidations@8bd1b6a]" name="startup" is-config="true" duration-ms="0" started-at="2018-10-01T07:06:46Z" finished-at="2018-10-01T07:06:46Z">
          <reporter-output>
          </reporter-output>
        </test-method> <!-- startup -->
        <test-method status="FAIL" signature="FetchLicense_XRequestIdisNullAsString()[pri:0, instance:FetchLicense.XRequestValidations@8bd1b6a]" name="FetchLicense_XRequestIdisNullAsString" duration-ms="2250" started-at="2018-10-01T07:06:46Z" finished-at="2018-10-01T07:06:49Z">
          <exception class="java.lang.AssertionError">
            <message>
              <![CDATA[1 expectation failed.
Expected status code <200> doesn't match actual status code <500>.
]]>
            </message>
            <full-stacktrace>
              <![CDATA[java.lang.AssertionError: 1 expectation failed.
Expected status code <200> doesn't match actual status code <500>.

at sun.reflect.GeneratedConstructorAccessor97.newInstance(Unknown Source)
at sun.reflect.DelegatingConstructorAccessorImpl.newInstance(DelegatingConstructorAccessorImpl.java:45)
at java.lang.reflect.Constructor.newInstance(Constructor.java:422)
at org.codehaus.groovy.reflection.CachedConstructor.invoke(CachedConstructor.java:83)
at org.codehaus.groovy.reflection.CachedConstructor.doConstructorInvoke(CachedConstructor.java:77)
at org.codehaus.groovy.runtime.callsite.ConstructorSite$ConstructorSiteNoUnwrap.callConstructor(ConstructorSite.java:84)
at org.codehaus.groovy.runtime.callsite.AbstractCallSite.callConstructor(AbstractCallSite.java:247)
at io.restassured.internal.ResponseSpecificationImpl$HamcrestAssertionClosure.validate(ResponseSpecificationImpl.groovy:451)
at io.restassured.internal.ResponseSpecificationImpl$HamcrestAssertionClosure$validate$1.call(Unknown Source)
at io.restassured.internal.ResponseSpecificationImpl.validateResponseIfRequired(ResponseSpecificationImpl.groovy:613)
at sun.reflect.GeneratedMethodAccessor59.invoke(Unknown Source)
at sun.reflect.DelegatingMethodAccessorImpl.invoke(DelegatingMethodAccessorImpl.java:43)
at java.lang.reflect.Method.invoke(Method.java:497)
at org.codehaus.groovy.runtime.callsite.PogoMetaMethodSite$PogoCachedMethodSiteNoUnwrapNoCoerce.invoke(PogoMetaMethodSite.java:210)
at org.codehaus.groovy.runtime.callsite.PogoMetaMethodSite.callCurrent(PogoMetaMethodSite.java:59)
at org.codehaus.groovy.runtime.callsite.AbstractCallSite.callCurrent(AbstractCallSite.java:166)
at io.restassured.internal.ResponseSpecificationImpl.statusCode(ResponseSpecificationImpl.groovy:120)
at io.restassured.specification.ResponseSpecification$statusCode$0.callCurrent(Unknown Source)
at io.restassured.internal.ResponseSpecificationImpl.statusCode(ResponseSpecificationImpl.groovy:128)
at io.restassured.internal.ValidatableResponseOptionsImpl.statusCode(ValidatableResponseOptionsImpl.java:117)
at FetchLicense.Utils.ValidateSuccessResponse(Utils.java:155)
at FetchLicense.XRequestValidations.FetchLicense_XRequestIdisNullAsString(XRequestValidations.java:127)
at sun.reflect.NativeMethodAccessorImpl.invoke0(Native Method)
at sun.reflect.NativeMethodAccessorImpl.invoke(NativeMethodAccessorImpl.java:62)
at sun.reflect.DelegatingMethodAccessorImpl.invoke(DelegatingMethodAccessorImpl.java:43)
at java.lang.reflect.Method.invoke(Method.java:497)
at org.testng.internal.MethodInvocationHelper.invokeMethod(MethodInvocationHelper.java:124)
at org.testng.internal.Invoker.invokeMethod(Invoker.java:583)
at org.testng.internal.Invoker.invokeTestMethod(Invoker.java:719)
at org.testng.internal.Invoker.invokeTestMethods(Invoker.java:989)
at org.testng.internal.TestMethodWorker.invokeTestMethods(TestMethodWorker.java:125)
at org.testng.internal.TestMethodWorker.run(TestMethodWorker.java:109)
at org.testng.TestRunner.privateRun(TestRunner.java:648)
at org.testng.TestRunner.run(TestRunner.java:505)
at org.testng.SuiteRunner.runTest(SuiteRunner.java:455)
at org.testng.SuiteRunner.runSequentially(SuiteRunner.java:450)
at org.testng.SuiteRunner.privateRun(SuiteRunner.java:415)
at org.testng.SuiteRunner.run(SuiteRunner.java:364)
at org.testng.SuiteRunnerWorker.runSuite(SuiteRunnerWorker.java:52)
at org.testng.SuiteRunnerWorker.run(SuiteRunnerWorker.java:84)
at org.testng.TestNG.runSuitesSequentially(TestNG.java:1208)
at org.testng.TestNG.runSuitesLocally(TestNG.java:1137)
at org.testng.TestNG.runSuites(TestNG.java:1049)
at org.testng.TestNG.run(TestNG.java:1017)
at org.apache.maven.surefire.testng.TestNGExecutor.run(TestNGExecutor.java:281)
at org.apache.maven.surefire.testng.TestNGXmlTestSuite.execute(TestNGXmlTestSuite.java:75)
at org.apache.maven.surefire.testng.TestNGProvider.invoke(TestNGProvider.java:121)
at org.apache.maven.surefire.booter.ForkedBooter.invokeProviderInSameClassLoader(ForkedBooter.java:290)
at org.apache.maven.surefire.booter.ForkedBooter.runSuitesInProcess(ForkedBooter.java:242)
at org.apache.maven.surefire.booter.ForkedBooter.main(ForkedBooter.java:121)
]]>
            </full-stacktrace>
          </exception> <!-- java.lang.AssertionError -->
          <reporter-output>
          </reporter-output>
        </test-method> <!-- FetchLicense_XRequestIdisNullAsString -->
        <test-method status="PASS" signature="FetchLicense_XRequestIdisgreaterthan256Characters()[pri:0, instance:FetchLicense.XRequestValidations@8bd1b6a]" name="FetchLicense_XRequestIdisgreaterthan256Characters" duration-ms="1500" started-at="2018-10-01T07:06:49Z" finished-at="2018-10-01T07:06:50Z">
          <reporter-output>
          </reporter-output>
        </test-method> <!-- FetchLicense_XRequestIdisgreaterthan256Characters -->
        <test-method status="PASS" signature="startup()[pri:0, instance:FetchLicense.XRequestValidations@8bd1b6a]" name="startup" is-config="true" duration-ms="0" started-at="2018-10-01T07:06:49Z" finished-at="2018-10-01T07:06:49Z">
          <reporter-output>
          </reporter-output>
        </test-method> <!-- startup -->
      </class> <!-- FetchLicense.XRequestValidations -->
      <class name="DeletePackage.DeletePackage_XRequestValidations">
        <test-method status="FAIL" signature="DeletePackage_XRequestIsNull()[pri:0, instance:DeletePackage.DeletePackage_XRequestValidations@7f9a81e8]" name="DeletePackage_XRequestIsNull" duration-ms="4013" started-at="2018-10-01T06:59:25Z" finished-at="2018-10-01T06:59:29Z">
          <exception class="java.lang.AssertionError">
            <message>
              <![CDATA[1 expectation failed.
Expected status code <204> doesn't match actual status code <500>.
]]>
            </message>
            <full-stacktrace>
              <![CDATA[java.lang.AssertionError: 1 expectation failed.
Expected status code <204> doesn't match actual status code <500>.

at sun.reflect.NativeConstructorAccessorImpl.newInstance0(Native Method)
at sun.reflect.NativeConstructorAccessorImpl.newInstance(NativeConstructorAccessorImpl.java:62)
at sun.reflect.DelegatingConstructorAccessorImpl.newInstance(DelegatingConstructorAccessorImpl.java:45)
at java.lang.reflect.Constructor.newInstance(Constructor.java:422)
at org.codehaus.groovy.reflection.CachedConstructor.invoke(CachedConstructor.java:83)
at org.codehaus.groovy.reflection.CachedConstructor.doConstructorInvoke(CachedConstructor.java:77)
at org.codehaus.groovy.runtime.callsite.ConstructorSite$ConstructorSiteNoUnwrap.callConstructor(ConstructorSite.java:84)
at org.codehaus.groovy.runtime.callsite.AbstractCallSite.callConstructor(AbstractCallSite.java:247)
at io.restassured.internal.ResponseSpecificationImpl$HamcrestAssertionClosure.validate(ResponseSpecificationImpl.groovy:451)
at io.restassured.internal.ResponseSpecificationImpl$HamcrestAssertionClosure$validate$1.call(Unknown Source)
at io.restassured.internal.ResponseSpecificationImpl.validateResponseIfRequired(ResponseSpecificationImpl.groovy:613)
at sun.reflect.GeneratedMethodAccessor59.invoke(Unknown Source)
at sun.reflect.DelegatingMethodAccessorImpl.invoke(DelegatingMethodAccessorImpl.java:43)
at java.lang.reflect.Method.invoke(Method.java:497)
at org.codehaus.groovy.runtime.callsite.PogoMetaMethodSite$PogoCachedMethodSiteNoUnwrapNoCoerce.invoke(PogoMetaMethodSite.java:210)
at org.codehaus.groovy.runtime.callsite.PogoMetaMethodSite.callCurrent(PogoMetaMethodSite.java:59)
at org.codehaus.groovy.runtime.callsite.AbstractCallSite.callCurrent(AbstractCallSite.java:166)
at io.restassured.internal.ResponseSpecificationImpl.statusCode(ResponseSpecificationImpl.groovy:120)
at io.restassured.specification.ResponseSpecification$statusCode$0.callCurrent(Unknown Source)
at io.restassured.internal.ResponseSpecificationImpl.statusCode(ResponseSpecificationImpl.groovy:128)
at io.restassured.internal.ValidatableResponseOptionsImpl.statusCode(ValidatableResponseOptionsImpl.java:117)
at DeletePackage.DeletePackageUtils.ValidateSuccessResponse(DeletePackageUtils.java:367)
at DeletePackage.DeletePackage_XRequestValidations.DeletePackage_XRequestIsNull(DeletePackage_XRequestValidations.java:36)
at sun.reflect.NativeMethodAccessorImpl.invoke0(Native Method)
at sun.reflect.NativeMethodAccessorImpl.invoke(NativeMethodAccessorImpl.java:62)
at sun.reflect.DelegatingMethodAccessorImpl.invoke(DelegatingMethodAccessorImpl.java:43)
at java.lang.reflect.Method.invoke(Method.java:497)
at org.testng.internal.MethodInvocationHelper.invokeMethod(MethodInvocationHelper.java:124)
at org.testng.internal.Invoker.invokeMethod(Invoker.java:583)
at org.testng.internal.Invoker.invokeTestMethod(Invoker.java:719)
at org.testng.internal.Invoker.invokeTestMethods(Invoker.java:989)
at org.testng.internal.TestMethodWorker.invokeTestMethods(TestMethodWorker.java:125)
at org.testng.internal.TestMethodWorker.run(TestMethodWorker.java:109)
at org.testng.TestRunner.privateRun(TestRunner.java:648)
at org.testng.TestRunner.run(TestRunner.java:505)
at org.testng.SuiteRunner.runTest(SuiteRunner.java:455)
at org.testng.SuiteRunner.runSequentially(SuiteRunner.java:450)
at org.testng.SuiteRunner.privateRun(SuiteRunner.java:415)
at org.testng.SuiteRunner.run(SuiteRunner.java:364)
at org.testng.SuiteRunnerWorker.runSuite(SuiteRunnerWorker.java:52)
at org.testng.SuiteRunnerWorker.run(SuiteRunnerWorker.java:84)
at org.testng.TestNG.runSuitesSequentially(TestNG.java:1208)
at org.testng.TestNG.runSuitesLocally(TestNG.java:1137)
at org.testng.TestNG.runSuites(TestNG.java:1049)
at org.testng.TestNG.run(TestNG.java:1017)
at org.apache.maven.surefire.testng.TestNGExecutor.run(TestNGExecutor.java:281)
at org.apache.maven.surefire.testng.TestNGXmlTestSuite.execute(TestNGXmlTestSuite.java:75)
at org.apache.maven.surefire.testng.TestNGProvider.invoke(TestNGProvider.java:121)
at org.apache.maven.surefire.booter.ForkedBooter.invokeProviderInSameClassLoader(ForkedBooter.java:290)
at org.apache.maven.surefire.booter.ForkedBooter.runSuitesInProcess(ForkedBooter.java:242)
at org.apache.maven.surefire.booter.ForkedBooter.main(ForkedBooter.java:121)
]]>
            </full-stacktrace>
          </exception> <!-- java.lang.AssertionError -->
          <reporter-output>
          </reporter-output>
        </test-method> <!-- DeletePackage_XRequestIsNull -->
        <test-method status="PASS" signature="StartUp()[pri:0, instance:DeletePackage.DeletePackage_XRequestValidations@7f9a81e8]" name="StartUp" is-config="true" duration-ms="0" started-at="2018-10-01T06:59:25Z" finished-at="2018-10-01T06:59:25Z">
          <reporter-output>
          </reporter-output>
        </test-method> <!-- StartUp -->
        <test-method status="PASS" signature="DeletePackage_XRequestis255Characters()[pri:0, instance:DeletePackage.DeletePackage_XRequestValidations@7f9a81e8]" name="DeletePackage_XRequestis255Characters" duration-ms="2648" started-at="2018-10-01T06:59:29Z" finished-at="2018-10-01T06:59:31Z">
          <reporter-output>
          </reporter-output>
        </test-method> <!-- DeletePackage_XRequestis255Characters -->
        <test-method status="PASS" signature="StartUp()[pri:0, instance:DeletePackage.DeletePackage_XRequestValidations@7f9a81e8]" name="StartUp" is-config="true" duration-ms="0" started-at="2018-10-01T06:59:29Z" finished-at="2018-10-01T06:59:29Z">
          <reporter-output>
          </reporter-output>
        </test-method> <!-- StartUp -->
        <test-method status="PASS" signature="DeletePackage_XRequestis256Characters()[pri:0, instance:DeletePackage.DeletePackage_XRequestValidations@7f9a81e8]" name="DeletePackage_XRequestis256Characters" duration-ms="1430" started-at="2018-10-01T06:59:31Z" finished-at="2018-10-01T06:59:33Z">
          <reporter-output>
          </reporter-output>
        </test-method> <!-- DeletePackage_XRequestis256Characters -->
        <test-method status="PASS" signature="StartUp()[pri:0, instance:DeletePackage.DeletePackage_XRequestValidations@7f9a81e8]" name="StartUp" is-config="true" duration-ms="0" started-at="2018-10-01T06:59:31Z" finished-at="2018-10-01T06:59:31Z">
          <reporter-output>
          </reporter-output>
        </test-method> <!-- StartUp -->
        <test-method status="PASS" signature="StartUp()[pri:0, instance:DeletePackage.DeletePackage_XRequestValidations@7f9a81e8]" name="StartUp" is-config="true" duration-ms="0" started-at="2018-10-01T06:59:33Z" finished-at="2018-10-01T06:59:33Z">
          <reporter-output>
          </reporter-output>
        </test-method> <!-- StartUp -->
        <test-method status="PASS" signature="DeletePackage_XRequestisMissing()[pri:0, instance:DeletePackage.DeletePackage_XRequestValidations@7f9a81e8]" name="DeletePackage_XRequestisMissing" duration-ms="3893" started-at="2018-10-01T06:59:33Z" finished-at="2018-10-01T06:59:37Z">
          <reporter-output>
          </reporter-output>
        </test-method> <!-- DeletePackage_XRequestisMissing -->
      </class> <!-- DeletePackage.DeletePackage_XRequestValidations -->
    </test> <!-- Test -->
  </suite> <!-- Suite -->
</testng-results>
